Sample	posterior	likelihood	prior	treeLikelihood.H3N2	structuredCoalescent.t:H3N2	Ne.Hong_Kong	Ne.New_York	Ne.New_Zealand	b_migration.Hong_Kong_to_New_York	b_migration.Hong_Kong_to_New_Zealand	b_migration.New_York_to_Hong_Kong	b_migration.New_York_to_New_Zealand	b_migration.New_Zealand_to_Hong_Kong	b_migration.New_Zealand_to_New_York	clockRate.c:H3N2	kappa.s:H3N2	gammaShape.s:H3N2
0	-2409.4396561965746	-2370.4662039259483	-38.9734522706261	-2370.4662039259483	-35.642678475809305	1.000000	1.000000	1.000000	1.000000	1.000000	1.000000	1.000000	1.000000	1.000000	0.005	2.0	1.0
5000	-1953.7978430950627	-1907.2257756750282	-46.57206742003441	-1907.2257756750282	-37.653593342516025	0.701063	2.852133	0.213394	3.192758	0.461113	0.360090	0.789606	1.439421	0.876796	0.004776839847009153	5.54298607550077	0.8726690298919916
10000	-1941.866129793041	-1904.5015118350432	-37.36461795799768	-1904.5015118350432	-32.35295158591148	0.850195	0.654253	0.277491	2.038173	0.721055	0.279667	0.614624	1.617732	1.580535	0.0048587984670771765	6.251599939886877	0.44432572695944006
15000	-1944.5016578172877	-1903.9330531184307	-40.56860469885685	-1903.9330531184307	-35.212986439858895	0.948176	0.954812	0.397983	0.675799	1.350213	0.412043	0.883575	1.482483	1.276807	0.005128942692005818	6.878422450308291	1.2255696028671978
20000	-1948.697984005516	-1905.3745304373197	-43.323453568196264	-1905.3745304373197	-36.68439976271371	2.493634	0.989185	0.396423	0.395650	2.397472	0.912162	0.947615	1.388016	1.186355	0.004928157953244572	7.158842554704731	0.4546335802490577
25000	-1942.4080947253017	-1904.1172564870776	-38.290838238224026	-1904.1172564870776	-35.10912459179924	1.531867	0.637911	0.527352	0.787830	0.500806	0.517710	0.754341	1.764165	1.058592	0.005033162696047527	6.440237160925397	0.3013649081590883
30000	-1935.337410933636	-1902.8276034986136	-32.50980743502244	-1902.8276034986136	-31.87628269561744	0.896372	0.500683	0.861306	0.154585	0.269745	1.106865	0.172395	0.619868	1.147941	0.005100475143895689	4.181661267423147	0.25386991061071446
35000	-1945.037453569042	-1902.7541852834095	-42.28326828563256	-1902.7541852834095	-32.877753120945016	0.343483	8.602950	0.515730	3.358601	0.157836	1.925401	0.182769	0.212037	1.819286	0.005087232760696074	6.3208567734230305	0.16258617620324017
40000	-1945.4390630442613	-1911.9392200805132	-33.499842963748044	-1911.9392200805132	-31.974680547799245	0.677678	2.483077	0.728105	0.255612	0.067430	1.225045	0.336414	0.031469	1.117531	0.005053834517963926	3.7928210649561143	0.6279058483194261
45000	-1950.732376143453	-1917.8484659955013	-32.8839101479517	-1917.8484659955013	-31.06237787894895	0.388792	2.385753	0.208837	0.263298	0.141834	0.967791	0.133019	0.206200	0.786115	0.004858241178848313	5.607470188071884	0.40975605177943103
50000	-1954.8654135474376	-1906.9287931195245	-47.93662042791317	-1906.9287931195245	-43.29025610846275	0.868647	1.179866	0.776227	0.754317	0.518537	0.891885	1.368904	1.996707	0.580148	0.004873525990669835	5.607470188071884	0.40975605177943103
55000	-1942.7219732128208	-1904.132935855152	-38.58903735766865	-1904.132935855152	-33.00176235489177	2.252339	0.564680	0.421543	0.528311	0.415341	0.432309	1.209213	1.237320	2.646796	0.00502937775803107	4.325267944532464	1.6911315165018572
60000	-1941.7263331504355	-1903.7283861932426	-37.997946957192966	-1903.7283861932426	-33.33753219086287	0.583074	3.818794	0.356494	0.986056	0.563128	1.167750	0.001411	0.307368	0.276203	0.0048397676511054396	6.786406199301341	0.9402962215350725
65000	-1953.642399082485	-1910.0078571201902	-43.63454196229489	-1910.0078571201902	-36.11189982312064	1.221716	0.657728	0.402237	0.429842	0.591485	0.709328	0.008727	0.485759	1.569991	0.004639738385823414	6.226927578311188	0.1887597065476667
70000	-1938.8444203776323	-1909.4545799865482	-29.389840391084185	-1909.4545799865482	-24.50375655116194	0.230759	4.533646	0.110329	0.549425	0.338840	1.054140	0.121926	0.322448	0.897342	0.005151484971702505	6.00257806232961	0.3662805310263413
75000	-1941.6783505168598	-1905.6644641838132	-36.01388633304666	-1905.6644641838132	-34.17611999592836	0.333383	0.723785	1.504527	0.229173	0.938126	1.091911	0.495172	0.526821	0.499163	0.004906942383508986	4.571876048555516	0.6847504997602201
80000	-1947.8147780891975	-1914.461939512989	-33.35283857620855	-1914.461939512989	-30.36118587812589	0.969278	1.365782	0.246508	0.355750	0.334073	1.546214	0.360396	0.032305	0.803579	0.0048863789983049554	7.678067066443776	1.0132185839695789
85000	-1938.8344107109465	-1902.8061732793592	-36.028237431587236	-1902.8061732793592	-28.807669314071973	0.933682	1.027239	0.433771	1.344900	0.178606	4.526923	0.669569	0.222234	1.105085	0.004884327000234512	7.678067066443776	1.038804412219695
90000	-1952.0656303871008	-1905.3270750734735	-46.73855531362729	-1905.3270750734735	-38.61073416973086	0.448216	2.310620	1.244982	0.830246	0.225605	2.360758	1.843002	1.666483	0.731621	0.004870561782324751	6.735170707815163	0.903239097914324
95000	-1950.145520654376	-1906.1997616969495	-43.94575895742643	-1906.1997616969495	-38.528855471262816	2.649766	0.393579	0.295265	1.267774	0.439507	0.496094	2.178631	1.103733	0.713892	0.004866304689832422	4.665156496279393	0.6068579078020898
100000	-1958.3004528419215	-1908.6534347560619	-49.64701808585956	-1908.6534347560619	-40.96212815331604	0.967110	1.956047	0.562380	3.004567	0.975630	1.186983	0.847870	1.940566	0.490751	0.004927374100333913	9.814674588694059	1.102772037946387
105000	-1941.5645440269222	-1904.6910802479151	-36.87346377900719	-1904.6910802479151	-34.55112112656127	0.943895	1.199668	0.354891	1.149468	0.061822	0.597767	0.154646	1.135970	1.286180	0.005008706604454677	4.47911978099417	1.102772037946387
110000	-1942.8750606289007	-1906.8535666674268	-36.021493961473865	-1906.8535666674268	-28.812341851014434	0.450859	2.200215	0.638568	1.251224	0.195368	3.015850	0.513582	0.292410	2.131678	0.005008064241471237	8.554196266377112	1.3590879164964567
115000	-1949.3702694058227	-1913.0966736858682	-36.273595719954514	-1913.0966736858682	-30.195059449960105	0.274870	1.737358	1.022004	0.321501	0.980763	4.765001	0.995967	0.413137	0.527428	0.004952823592468154	4.082716388306353	0.6268606939708907
120000	-1957.2147389244235	-1910.135694362961	-47.07904456146242	-1910.135694362961	-35.65915427359275	1.050786	1.013532	0.590435	0.124210	0.716204	1.762712	7.880226	0.032293	2.310604	0.005158097896220176	5.8582131157405755	0.10367466378048168
125000	-1941.3346245235143	-1903.1643495661597	-38.170274957354735	-1903.1643495661597	-35.12815286177544	0.549617	0.734016	1.256827	0.982457	0.238083	2.393603	1.100443	0.204553	0.767162	0.0050172625275181236	5.8582131157405755	0.2030228905073883
130000	-1962.596876039292	-1910.953138937151	-51.64373710214123	-1910.953138937151	-43.23381545409143	0.355189	5.155208	1.706486	0.547612	1.542191	2.313314	0.166701	0.363157	0.440973	0.005093628912720463	8.264004296486938	1.3199392983493732
135000	-1955.3262172179552	-1905.8808686656885	-49.44534855226679	-1905.8808686656885	-40.53869779899186	0.405554	3.999166	1.881365	0.987300	0.086285	2.164210	2.078891	0.675543	0.485991	0.004921222907069271	8.264004296486938	1.3199392983493732
140000	-1954.7426754702267	-1903.835748798258	-50.90692667196874	-1903.835748798258	-37.99763792049033	3.568929	0.891904	0.333519	3.144628	0.264110	3.177926	4.614083	0.722440	0.295150	0.004890271395169583	4.7247960999226155	1.3522664838715772
145000	-1963.4746131567797	-1911.1484195636776	-52.32619359310208	-1911.1484195636776	-46.122520859910146	0.489371	0.562636	0.942224	1.160198	0.519762	2.991468	2.244724	0.581211	0.780035	0.0050204065874390694	5.934648986589191	1.2488215621891017
150000	-1950.6468552426802	-1907.382350564692	-43.2645046779882	-1907.382350564692	-39.724693202685565	0.599480	3.984223	0.471964	0.783779	0.066417	0.601910	0.174735	1.542633	0.467285	0.004945428662240088	5.934648986589191	0.6827192655476196
155000	-1942.3774033698978	-1907.2903784980822	-35.08702487181561	-1907.2903784980822	-31.397351169724423	0.296003	1.430088	0.414530	2.809620	0.054107	0.488761	0.058566	0.595009	0.668672	0.00514939184512447	4.154562176822235	1.3572773352989704
160000	-1947.0397751227754	-1909.6490137000806	-37.39076142269477	-1909.6490137000806	-31.46651426280066	1.518753	0.141627	1.168330	0.924747	0.011724	1.813961	0.511932	0.810949	0.829003	0.004978610932448218	7.686214798992459	2.3779275934274935
165000	-1952.0687620155795	-1908.0895855179951	-43.97917649758449	-1908.0895855179951	-36.970543670197124	5.859762	0.801015	0.240107	0.965943	0.358662	0.698600	0.474164	0.670332	2.045779	0.004901431688344049	5.62214007815102	1.0811881843987974
170000	-1939.49997657745	-1902.9515050651328	-36.5484715123174	-1902.9515050651328	-34.89001398707813	0.808714	0.860358	0.755377	1.227529	0.112586	0.621543	0.390298	0.289568	0.506957	0.004866901190009166	4.454905064087845	1.014670350358041
175000	-1947.8118646088556	-1902.8876399659168	-44.92422464293883	-1902.8876399659168	-42.52930340047768	0.814000	1.703280	2.770298	0.278815	0.533401	1.073459	0.081242	0.663851	0.064392	0.004912242471830993	3.8938370562937585	0.27863412913583857
180000	-1935.098808118	-1905.8359879822524	-29.262820135747774	-1905.8359879822524	-25.171137479990563	0.260969	4.593516	0.530707	0.878042	0.285554	1.997692	0.185699	0.687357	0.555524	0.004959957308615714	5.456364843651383	0.14899516038856836
185000	-1938.1124946375899	-1900.6157464007028	-37.49674823688706	-1900.6157464007028	-32.88023307934571	0.821177	2.662488	0.355861	1.126784	0.581182	2.130220	0.126818	1.072169	0.865287	0.004940946762837508	5.066758397924601	0.4037314798346408
190000	-1947.1279457107116	-1909.3497832507321	-37.77816245997959	-1909.3497832507321	-34.46112992568911	0.952578	0.713159	0.724662	1.026457	0.212201	0.951870	0.410415	1.272724	0.830487	0.004843996222189311	5.066758397924601	0.6402471652073367
195000	-1943.6179937538361	-1906.5500748137779	-37.06791894005817	-1906.5500748137779	-32.430466407011494	0.751136	4.378024	0.853172	0.820426	0.032779	2.231608	0.176430	0.052608	0.966479	0.0049372160202627	5.06200699181284	0.6317036132209275
200000	-1952.8411613385256	-1904.4122761034218	-48.428885235103806	-1904.4122761034218	-39.30709243306103	1.024395	0.448387	0.594482	5.310274	0.421335	2.098633	1.664143	1.098894	1.220480	0.004914721049329209	5.413089000099477	0.3371190386107007
205000	-1947.7001047039785	-1911.2640224340003	-36.43608226997816	-1911.2640224340003	-31.048486146962066	0.725222	4.050917	0.603740	0.565598	0.122718	1.987492	1.306002	0.171788	0.989426	0.0049382686022496625	8.27868264020151	0.20545980564717223
210000	-1950.0026111451475	-1911.1287772629516	-38.873833882195896	-1911.1287772629516	-34.883718523654466	2.457470	0.792238	0.454928	3.335063	0.033734	0.105571	0.773552	0.580169	0.851877	0.0049477660364526345	3.910685097695392	0.5400568968357398
215000	-1949.2517512315758	-1912.4562070599247	-36.79554417165105	-1912.4562070599247	-33.44406489280108	0.462279	1.364467	0.287733	1.605439	0.030871	0.215544	0.525762	1.915965	1.278446	0.00490175906611017	6.22598461689697	0.22555938420861207
220000	-1937.1813205045862	-1903.1187619466864	-34.062558557899855	-1903.1187619466864	-31.30363071167007	0.439343	0.902690	0.666139	0.103873	0.115938	1.392374	1.086030	0.286924	1.303854	0.00488487065483294	6.939982316831553	0.8863838155479702
225000	-1949.7590140387615	-1912.4244976384275	-37.33451640033401	-1912.4244976384275	-30.913558881890857	0.544266	4.245545	0.281641	0.188121	0.374061	1.655326	1.943899	0.378681	2.478410	0.004964739821655054	4.757637183346295	0.46926022814755175
230000	-1953.403718734449	-1907.1399335611322	-46.26378517331679	-1907.1399335611322	-36.704120097923436	0.664387	7.257173	0.718700	1.149478	0.408578	2.674671	1.668257	0.386836	1.408931	0.004940173881591108	6.941191666565883	0.5126723855424085
235000	-1953.434468417194	-1909.4152661920582	-44.019202225135764	-1909.4152661920582	-36.86174453652074	0.458376	4.680568	0.817834	0.701847	0.387233	2.081862	1.172987	0.226926	1.219204	0.004844615048212733	5.880604292739773	0.5126723855424085
240000	-1952.4489857891836	-1905.7444956481677	-46.704490141015896	-1905.7444956481677	-38.534883636735564	4.034313	1.514101	1.517341	3.246602	0.240662	0.335493	0.136829	0.756683	0.200838	0.004933359573693787	7.2920219610098345	1.7522121803969986
245000	-1947.3605527400446	-1907.313507719634	-40.04704502041061	-1907.313507719634	-28.151784989016775	0.655999	1.283763	1.407077	1.014143	0.209409	5.189720	3.862706	0.423832	0.866761	0.005100946152261818	6.484822056510816	1.7522121803969986
250000	-1942.1547529964246	-1905.3860229033612	-36.76873009306342	-1905.3860229033612	-34.48479543718255	0.593981	0.960062	1.579571	1.995383	0.047004	0.859952	0.056443	0.719219	0.648205	0.004934838152211106	2.8296435692033413	0.960777457809231
255000	-1948.944840032929	-1908.7108824285933	-40.23395760433582	-1908.7108824285933	-35.27033109200296	0.341313	2.923910	0.266105	1.626412	0.091179	1.714778	0.113497	0.322467	0.990396	0.00482605416790447	5.040724365076709	0.5412010989743979
260000	-1953.4645250237952	-1910.5013173602556	-42.96320766353965	-1910.5013173602556	-37.22329383637317	1.226919	2.224776	0.337470	0.625375	0.806831	2.783910	0.419254	0.243326	2.357112	0.004945624647838847	5.418616440746012	0.0581323758008646
265000	-1935.113667209753	-1901.7161687921157	-33.397498417637216	-1901.7161687921157	-31.893498856391407	0.623176	0.921489	0.516123	0.749357	0.240339	1.485098	0.044905	0.916344	1.220725	0.005041083054557104	5.418616440746012	0.19541997853144183
270000	-1946.4002608888557	-1907.346393572322	-39.053867316533626	-1907.346393572322	-34.51080847171979	1.098072	6.199156	0.392037	0.554835	0.200061	1.830904	0.006668	0.436076	0.574238	0.0050653098102059185	5.39368958657802	0.19541997853144183
275000	-1941.116668906406	-1905.7793237526273	-35.33734515377866	-1905.7793237526273	-33.0789475673805	1.400760	0.229479	0.410516	0.501913	0.126225	0.385322	0.226383	2.354564	0.675690	0.00492573332682606	6.261593684544925	0.5366019539507922
280000	-1945.8629579797348	-1910.4847773637416	-35.37818061599314	-1910.4847773637416	-29.563831227023226	2.165229	1.505169	0.239203	4.489828	0.042656	0.235267	0.031710	0.486319	1.052932	0.005131727616442066	4.342623605661726	0.30575094634084155
285000	-1946.389793797168	-1906.9931317204714	-39.39666207669657	-1906.9931317204714	-38.995419307749394	1.105631	1.393026	0.686903	0.617717	0.036215	1.185162	0.026990	0.181587	0.302656	0.004980024464097823	6.062917179054522	0.22851911893742013
290000	-1937.6198695571402	-1904.3528046114934	-33.267064945646815	-1904.3528046114934	-30.00337587859086	0.490155	1.689205	0.158651	1.453932	0.044546	0.757784	0.240584	1.187618	1.317488	0.004906276083672332	6.247038357757244	0.10481930874283857
295000	-1945.8925306547721	-1905.9511535807787	-39.94137707399351	-1905.9511535807787	-35.144555262535604	1.167486	3.302830	0.530515	0.241380	1.034960	0.359670	1.941838	0.570123	0.125872	0.0048878709922589286	6.7799046548704665	0.46318597603355466
300000	-1948.579371706704	-1905.345324757562	-43.234046949142126	-1905.345324757562	-39.16952321661704	1.207341	2.127427	1.383921	0.015351	1.103945	0.320824	1.296992	0.902090	0.513492	0.004930875458675224	5.240908500660715	0.647274214296866
305000	-1957.0255628802156	-1904.5796179526571	-52.44594492755848	-1904.5796179526571	-39.87656517195473	0.610657	1.555948	2.192196	4.087761	0.345094	3.527426	2.349759	2.016999	0.349558	0.005057500310219241	6.610130132221629	0.7175346252766087
310000	-1949.4898400213438	-1905.3026030939877	-44.187236927356125	-1905.3026030939877	-36.00951447561611	1.282151	1.883875	0.262165	1.556807	0.032834	2.950129	2.921695	0.051735	2.009138	0.004976956258976754	5.8198247473689655	0.4039226410975899
315000	-1942.1699156198536	-1901.0548638534008	-41.11505176645285	-1901.0548638534008	-35.20926038193095	0.332884	1.239341	0.675146	3.718839	0.006275	1.072758	0.845044	1.091482	1.557410	0.004926144865053286	5.8198247473689655	0.36011100637138704
320000	-1939.5998692262267	-1905.3100379783064	-34.28983124792044	-1905.3100379783064	-29.162484007766537	1.439626	0.268846	0.720412	0.416808	0.009733	3.040885	0.978740	1.108163	0.543399	0.004858912428857884	5.939861779923154	0.7438355462748251
325000	-1944.0136796182044	-1912.1675631279977	-31.846116490206768	-1912.1675631279977	-29.992064495200996	0.751819	1.287595	1.684900	0.011255	0.073353	0.952884	0.206501	1.334313	0.297916	0.004960104564636132	6.940380142971326	0.37428563531034403
330000	-1947.1718153560932	-1910.6805684551111	-36.49124690098199	-1910.6805684551111	-34.90710104776353	0.815594	0.280482	1.688370	0.798618	0.167355	0.384285	0.676671	0.953314	0.086693	0.00503950451847454	6.817300299190621	0.6270372395906754
335000	-1948.1944194098771	-1908.9277009345792	-39.266718475298006	-1908.9277009345792	-37.239031500419294	0.985681	1.077936	1.437010	0.637794	0.014816	1.306775	0.340529	0.699689	0.055897	0.005073937611123437	6.708429504028487	0.435008743944717
340000	-1935.8489197755625	-1901.0988774699586	-34.75004230560393	-1901.0988774699586	-31.005674841319184	0.632238	2.023571	0.810197	1.126962	0.617011	3.312722	0.169914	0.322392	0.215267	0.004987498154517382	5.102984885876187	0.1964551662649155
345000	-1952.0492912667235	-1910.148023842505	-41.90126742421843	-1910.148023842505	-36.12261154065324	0.313775	4.924789	1.186123	0.510016	0.945917	1.087305	0.014994	0.253259	1.190713	0.005127742564023166	4.895896509880459	1.0908035640622589
350000	-1940.0159868730145	-1902.7377592316561	-37.27822764135831	-1902.7377592316561	-31.29695028749172	0.375504	1.650699	0.580885	0.579138	2.042948	1.286247	1.580157	0.610850	1.801880	0.004974543263039871	6.0855220982066305	0.6950680899029158
355000	-1959.390691807169	-1917.1675300242662	-42.22316178290297	-1917.1675300242662	-40.251210871461616	1.395092	0.508697	0.757319	0.407626	0.075296	1.325548	1.417993	0.696172	0.227527	0.005000339487597159	6.0855220982066305	0.49896195319312003
360000	-1950.2504107655225	-1905.4619542141481	-44.78845655137433	-1905.4619542141481	-35.450970053060715	0.441273	6.330260	0.858136	1.121872	0.061937	2.393385	1.463393	0.441661	2.259152	0.004843025128734661	4.708117857661435	0.18745781621317492
365000	-1959.3238711545885	-1909.3940234149732	-49.92984773961538	-1909.3940234149732	-41.665114052689304	2.765605	1.021244	0.228462	2.244223	0.133048	0.300077	3.169947	3.232517	0.096503	0.005093375171718791	4.856688218644057	0.18745781621317492
370000	-1956.2040342020296	-1915.5137084044625	-40.69032579756717	-1915.5137084044625	-32.62260364305208	1.412288	0.029759	0.810458	1.443205	0.135536	0.617551	3.894463	0.219654	0.517219	0.00498916517152491	7.597210499897401	0.38257107555674924
375000	-1943.3728006506615	-1907.9696930913635	-35.40310755929802	-1907.9696930913635	-32.030979375829745	1.302957	0.299613	0.755308	1.201287	0.156516	2.503345	0.304108	0.488690	1.155685	0.0049008533193007665	4.655393580035607	0.2533735475646239
380000	-1945.6330210474234	-1908.7942607381622	-36.83876030926117	-1908.7942607381622	-31.39603523429998	0.225434	3.931150	0.178090	1.971221	0.478397	0.764977	0.711606	0.423411	1.604938	0.005055776882933292	5.198040130765286	0.2533735475646239
385000	-1946.348611735683	-1907.5557201468705	-38.79289158881267	-1907.5557201468705	-36.6682968819873	1.107755	1.470320	0.936704	0.569925	0.230590	0.329775	0.043248	0.972765	0.591295	0.005021762405454522	12.097730401787716	0.04539110519637772
390000	-1934.2625558289062	-1907.1043061338414	-27.15824969506478	-1907.1043061338414	-26.031858491901996	0.259670	2.227061	0.379180	0.728124	0.042271	0.678113	0.033430	0.200776	1.060005	0.004908767335853395	5.474448030481495	0.320717003294703
395000	-1945.132690672402	-1904.6731381659768	-40.45955250642542	-1904.6731381659768	-34.85781428073116	0.472000	3.373443	0.404543	0.631230	1.343160	2.380078	0.103349	0.306321	1.961616	0.0049785965864140485	5.474448030481495	0.39789939969902344
400000	-1963.042392647007	-1915.3707288181367	-47.67166382887043	-1915.3707288181367	-40.80299024947095	0.621744	3.132508	0.715464	1.579923	0.693288	3.223201	0.613712	0.165490	1.981707	0.004971334656423392	5.223646700132995	0.020394602833420917
405000	-1952.9719896957256	-1907.7729729059051	-45.199016789820405	-1907.7729729059051	-39.725330682504996	0.603476	1.383041	2.107801	0.773305	0.026926	3.284469	1.966586	0.007208	0.686514	0.005077799378616864	5.223646700132995	0.00582506440891616
410000	-1939.301655645548	-1902.7737273276623	-36.527928317885575	-1902.7737273276623	-32.45557191010905	1.061525	1.372723	0.164380	0.150356	0.764647	1.853538	0.156543	0.431201	3.061541	0.005024872097425754	5.117022929918768	0.0025419830234135873
415000	-1935.2827932328382	-1904.3723960712568	-30.910397161581308	-1904.3723960712568	-30.604372670664407	0.383577	1.097521	1.029000	0.141802	0.315664	1.503578	0.137844	0.447623	0.284292	0.004971403299890273	6.756574098730762	0.023777326084558445
420000	-1951.590331098067	-1914.2638181546236	-37.32651294344355	-1914.2638181546236	-33.84915997483177	1.447699	0.465355	0.333288	0.072544	0.015826	2.415665	0.393889	0.014175	2.086899	0.004927549283450499	11.03402877500186	0.108422039637715
425000	-1939.8026797715838	-1903.4625623189518	-36.3401174526321	-1903.4625623189518	-32.61423806477291	1.026518	2.251782	0.653454	0.739568	0.087590	2.927908	0.070926	0.144941	0.563402	0.004941144565014216	8.228246687625521	0.07801058863237735
430000	-1940.4132718962	-1908.621901657949	-31.79137023825109	-1908.621901657949	-30.6801264807758	0.459511	1.448879	0.341180	1.388391	0.025795	0.440251	0.247676	1.739406	0.098331	0.0049866142413085325	5.545126625804085	0.2122736528827203
435000	-1948.3949083406458	-1906.5563494286052	-41.83855891204058	-1906.5563494286052	-38.21426132552443	3.525224	0.292919	2.147514	1.662640	0.214868	0.394507	0.161336	0.433578	0.268063	0.004960758291451483	5.545126625804085	0.2932233638945254
440000	-1947.8227009914042	-1908.0993267264475	-39.72337426495675	-1908.0993267264475	-38.978511136060604	1.041061	0.770881	0.498036	0.746026	0.081419	0.459298	0.038354	0.422799	0.671461	0.005050060126284286	5.889791550076132	1.2676055959272774
445000	-1939.8227622630216	-1906.19064865977	-33.63211360325149	-1906.19064865977	-31.81881677538504	0.491404	1.497397	0.306177	0.675400	0.274970	1.346572	0.196138	0.647076	1.371724	0.005077845410244216	3.1768878974897437	0.6832583764544833
450000	-1950.242293062027	-1913.03793457491	-37.20435848711705	-1913.03793457491	-30.944425102372286	0.347758	4.321776	0.576237	0.899952	0.329513	2.430683	0.079158	0.223258	1.689781	0.005147843962073918	4.709668143312734	0.6238157294251404
455000	-1940.2799974319419	-1902.6189149321262	-37.66108249981569	-1902.6189149321262	-32.93960413225848	1.844494	0.392786	0.828501	4.006000	0.751789	0.617697	0.743395	0.583335	0.154852	0.004950083236924573	4.191564041631234	0.5079292316170669
460000	-1945.0710453141571	-1902.597399594081	-42.47364572007611	-1902.597399594081	-38.21858951833294	0.331478	4.690728	0.532861	0.471392	0.211130	1.410785	0.220793	0.708385	1.750473	0.00494228292573802	4.191564041631234	0.40087502742158476
465000	-1934.9028552268453	-1899.9643129271426	-34.938542299702696	-1899.9643129271426	-31.6391977662127	0.776942	4.108405	0.815288	0.003940	0.214006	1.876632	0.458757	0.200743	0.470257	0.004931684616228962	5.5844969798920685	0.3408171128727514
470000	-1935.0953758196029	-1908.4406238711417	-26.65475194846102	-1908.4406238711417	-25.315848772850508	0.739009	2.368350	0.421061	0.174938	0.122353	1.338139	0.089461	0.027610	1.326693	0.005059674322777469	5.702441518713667	0.07132143654544598
475000	-1943.6185174264074	-1909.2290118471328	-34.389505579274626	-1909.2290118471328	-29.005805777072418	0.364110	4.543653	0.637845	1.762834	0.472880	2.466613	0.013060	0.116650	1.028314	0.0049486231995488905	4.497592589622111	0.38828263285523024
480000	-1944.935717640012	-1906.7673701375252	-38.168347502486704	-1906.7673701375252	-33.278052764319845	0.410348	1.991136	0.142089	2.214594	0.109161	2.046193	0.371145	1.062372	0.210249	0.005101412369247493	5.26601393008102	0.5693421749227466
485000	-1957.857829577779	-1913.4464459818023	-44.41138359597679	-1913.4464459818023	-40.04120240428309	0.258268	2.282124	1.381136	0.671805	2.291560	1.073551	0.190867	0.454646	1.156071	0.005057550591096286	4.4302949491663	0.09064295473983867
490000	-1938.5568885471307	-1902.0333571490496	-36.52353139808109	-1902.0333571490496	-32.48835093449523	1.041090	0.642058	0.368189	0.543812	0.082368	2.353390	1.042107	0.523268	1.557892	0.004884099034395957	7.001253130917745	0.22451726919694326
495000	-1934.5859871543653	-1900.0035930037538	-34.58239415061149	-1900.0035930037538	-32.57097561440172	1.822319	0.348562	0.220921	0.978367	0.127117	0.030722	0.176655	1.797618	0.438775	0.005014921880929749	7.001253130917745	0.6993632498996313
500000	-1943.326802779591	-1902.3081648925963	-41.018637886994696	-1902.3081648925963	-38.5718323020758	0.114014	1.157853	1.438895	1.416669	0.210680	0.611177	0.485861	0.023982	0.407916	0.005099805394755142	4.941903869195578	0.6993632498996313
505000	-1950.4075069298397	-1909.6984828453092	-40.709024084530384	-1909.6984828453092	-35.12000849312382	3.230743	0.427144	0.600535	1.847488	0.136670	0.919462	0.021956	1.013401	0.089855	0.004867055318665379	4.941903869195578	2.3653090227317435
510000	-1951.0553280661366	-1918.6411540865267	-32.4141739796097	-1918.6411540865267	-26.556492615579863	0.410139	2.998898	0.229198	1.240137	0.084015	1.755243	0.295412	1.079352	0.398594	0.004885381437995402	4.400858919905763	2.3653090227317435
515000	-1942.6034027442943	-1904.9095445937476	-37.69385815054681	-1904.9095445937476	-33.98453283323213	0.964095	0.524110	0.369131	1.298611	0.304803	1.718631	0.344124	0.452129	0.584143	0.005020595345918839	4.400858919905763	2.795349019512301
520000	-1956.986021655778	-1915.8328050169268	-41.15321663885103	-1915.8328050169268	-33.171635275611756	0.417449	2.705572	0.370181	1.244176	0.477868	2.748114	1.221871	0.428340	0.302951	0.004904142766108722	5.369950077663757	3.1635457697658245
525000	-1964.1695696781485	-1902.140481740561	-62.029087937587555	-1902.140481740561	-47.03435472292527	4.118241	2.272080	1.578377	0.221353	6.867548	0.570179	1.567073	1.725323	0.770599	0.004826160615285855	5.047165908764729	0.27763200993630055
530000	-1953.521740672429	-1908.1850091819667	-45.33673149046213	-1908.1850091819667	-41.867472838776045	0.945483	0.500553	0.622958	1.319366	0.464875	0.787377	0.467354	0.107309	1.035054	0.0048451770982205706	8.830254145691493	0.7278884610007021
535000	-1947.1176916801808	-1906.9053010754092	-40.21239060477158	-1906.9053010754092	-33.98854901796077	1.328562	2.549430	0.215961	0.581635	0.107963	1.657638	3.377598	0.748354	0.441286	0.0050810008698940565	5.394558066039276	0.19799154852497555
540000	-1945.5108700470387	-1907.777138367987	-37.733731679051814	-1907.777138367987	-32.91450691764476	0.190972	1.077860	1.015739	2.234734	0.903651	2.231968	0.076374	1.679048	0.172777	0.004984425681151887	4.129295920343626	0.6185512281295771
545000	-1943.869311622599	-1904.403452528402	-39.46585909419706	-1904.403452528402	-37.69533223370486	0.673305	1.201256	0.458028	0.808696	1.207698	0.757848	0.090406	0.924377	0.711092	0.005042834788482248	5.317912417213021	0.34910796747106104
550000	-1948.3574004250431	-1911.9433768678034	-36.41402355723982	-1911.9433768678034	-35.02968274131829	0.861519	0.900792	0.723996	0.783795	0.203111	1.966453	0.277364	0.921848	0.075543	0.004962182630310541	5.711684065623304	0.06607142792864036
555000	-1945.3563477410064	-1906.154581496065	-39.20176624494132	-1906.154581496065	-35.05974406268257	0.733784	2.773380	0.613396	0.110497	0.209890	3.441451	0.495568	0.350596	0.257664	0.004944613005781823	7.498151511003516	0.2619744253785837
560000	-1948.342400151358	-1906.777199171741	-41.565200979617174	-1906.777199171741	-39.738943163810475	0.824172	1.736227	0.510815	0.742052	0.293619	2.598299	0.188187	0.242656	0.344277	0.0050259901789115125	4.188376318255392	0.20067382582828544
565000	-1941.70110390342	-1902.370975138223	-39.33012876519702	-1902.370975138223	-33.559097132445906	0.359120	5.225199	0.404196	0.093475	0.828316	1.416266	0.116055	1.378024	1.158489	0.004876200105790034	5.83071719061833	0.4318529620737619
570000	-1942.3845962963478	-1898.560869226339	-43.82372707000881	-1898.560869226339	-37.01666676064508	0.401564	6.318347	0.451272	1.536419	1.100388	1.713453	0.129947	1.971431	0.287980	0.004993548116674579	4.793877502980024	0.22019010702593886
575000	-1948.095524999624	-1912.917713081963	-35.17781191766097	-1912.917713081963	-29.929750643003345	2.468636	0.654658	1.789289	3.159284	0.526033	0.065759	0.119097	0.172955	0.834439	0.004990306597441455	8.90393800439969	0.3921810083286452
580000	-1945.605763235698	-1907.2058392136707	-38.3999240220273	-1907.2058392136707	-35.918474469092295	2.836157	0.366796	0.629384	1.042690	0.381279	0.097115	0.603543	0.510105	0.115620	0.0050853766154788154	8.90393800439969	0.3921810083286452
585000	-1944.3705592834035	-1903.9235245205587	-40.44703476284487	-1903.9235245205587	-37.954398853471204	0.849973	0.593277	1.238561	1.605663	0.446152	0.239925	0.869149	0.384345	0.488870	0.004926362599505821	8.551665383934859	0.3117388357482821
590000	-1948.3019833673418	-1905.4707872166343	-42.83119615070745	-1905.4707872166343	-36.76234032930994	0.233950	2.463209	2.051396	1.438104	0.635279	0.719059	0.712635	2.441623	0.046719	0.00492619417316398	4.604441912535287	0.6927892507680762
595000	-1942.2064154970253	-1906.6768808381184	-35.529534658906904	-1906.6768808381184	-29.27383267498625	0.973318	0.658050	0.151890	0.934254	0.142204	3.971812	1.346179	1.699634	0.241822	0.005072421044567695	5.7353038259170255	0.5913620246604122
600000	-1949.6985847959857	-1902.83999066493	-46.858594131055625	-1902.83999066493	-42.69957098369703	0.757038	1.679848	1.595296	0.276568	0.750786	0.777658	0.354892	0.134723	2.116031	0.005123335194794177	5.258499234779854	0.5913620246604122
605000	-1945.1625510331671	-1906.2056520129738	-38.95689902019331	-1906.2056520129738	-31.759383822476817	0.431883	0.916305	0.768248	0.138456	0.681820	3.736070	1.962074	0.157040	1.255055	0.004841005514771937	8.095704569087136	0.7226966342319785
610000	-1951.0092949490283	-1902.6632630355928	-48.34603191343553	-1902.6632630355928	-37.20497794072324	1.019447	6.913197	0.677537	1.654675	0.036849	2.613689	0.497912	1.283829	1.386613	0.005071382259529411	8.095704569087136	1.8243207808598954
615000	-1945.437470017961	-1910.17063949076	-35.26683052720081	-1910.17063949076	-28.010525717898368	0.271836	1.882029	0.362922	0.407345	1.282473	1.891617	0.617394	0.151817	2.300087	0.0049301385035028155	11.16550284218489	1.8243207808598954
620000	-1939.7846228267629	-1904.289660194189	-35.494962632573795	-1904.289660194189	-28.622958807226468	0.539995	4.709507	0.651303	2.241939	0.006046	3.446833	0.990850	0.047003	0.256362	0.005098064971870676	4.8384855385490715	0.12466009534885968
625000	-1939.3258008925068	-1903.3212595132227	-36.00454137928408	-1903.3212595132227	-30.155699865223916	0.251673	3.625918	0.204654	2.458787	0.725203	1.899793	0.189717	0.010672	0.625019	0.004832795160085254	4.044526040330254	0.12466009534885968
630000	-1933.2629646509909	-1905.7194399064972	-27.543524744493656	-1905.7194399064972	-24.847421254704905	0.186579	2.278135	0.271768	0.614592	0.049043	1.287565	0.119915	0.247160	0.911453	0.005124946804502215	6.789318252455226	0.45621265029048846
635000	-1950.1228658975829	-1910.116111303567	-40.00675459401572	-1910.116111303567	-36.111096844365	1.308929	1.456822	0.888499	3.217323	0.300259	0.033018	0.095277	0.817059	0.458733	0.005095247825250724	5.040173842163817	0.5321949959111651
640000	-1952.1457064029262	-1907.8723800814378	-44.27332632148844	-1907.8723800814378	-38.42540513748257	7.200012	0.642430	0.581250	2.422566	0.409843	0.143398	0.024605	0.527920	0.097744	0.004909396986141354	8.393608517717317	0.48704492438357794
645000	-1935.656821354704	-1904.703093760683	-30.95372759402108	-1904.703093760683	-29.445623291683034	0.320943	2.245184	1.010156	0.065620	0.264691	1.431228	0.054516	0.413059	0.287541	0.005077344051453557	5.948033881641612	0.45024226926035166
650000	-1945.430357676882	-1907.6140687074321	-37.81628896944995	-1907.6140687074321	-31.873288053892555	0.459869	6.900554	0.542578	0.232719	0.811787	1.641589	0.135685	0.076621	1.211512	0.005107416877795667	6.374759153827322	0.6663010465581366
655000	-1955.2728314316691	-1905.6842813457788	-49.58855008589032	-1905.6842813457788	-37.84808604309583	1.889582	12.322188	0.259181	1.005261	0.963931	0.667986	2.350133	0.833892	1.259159	0.005156723081497567	4.04673236069611	0.31079230300107497
660000	-1949.1018315227677	-1909.9533057610358	-39.148525761731996	-1909.9533057610358	-34.18822178915734	0.778915	2.807361	0.409593	0.165390	0.246349	1.805603	1.601599	0.049281	2.121679	0.004881009955418361	4.04673236069611	0.3542618845394655
665000	-1940.6572606437555	-1907.3629063215117	-33.294354322243784	-1907.3629063215117	-31.53259120466983	0.461342	0.539831	0.704415	0.063839	0.072567	0.838270	1.206211	0.307378	0.522280	0.004816639237371217	4.94812991386203	0.9386748341401476
670000	-1933.1586669822325	-1907.1769612023438	-25.98170577988863	-1907.1769612023438	-25.085679974131907	0.589163	0.441852	0.596119	0.116217	0.245013	1.297009	0.337501	0.426367	0.954277	0.005052392684448576	7.693226241637436	0.6440451374336871
675000	-1962.5539459964457	-1912.5393158528484	-50.01463014359722	-1912.5393158528484	-40.00564155582863	0.325411	3.805926	0.818325	1.934492	0.877013	1.688450	1.167356	0.167641	3.981169	0.0049427245795599815	4.11356493995717	1.395252224230032
680000	-1952.018202131582	-1906.3630109120463	-45.655191219535666	-1906.3630109120463	-37.053466635854896	0.432215	1.485506	0.727128	2.205677	0.952786	1.090233	0.198260	0.772500	4.855217	0.004848238693048235	4.11356493995717	0.5795954497210393
685000	-1952.5834892852683	-1905.9929286112572	-46.59056067401115	-1905.9929286112572	-39.7490825206893	0.416060	0.776352	0.855808	3.661875	1.688192	1.412413	0.219813	1.331421	0.077880	0.005062748528872148	5.413112016445085	1.6619818499615906
690000	-1937.557645009786	-1902.1123632472318	-35.44528176255437	-1902.1123632472318	-31.78190637313301	0.602334	3.059844	0.624034	1.463094	0.239359	1.217648	0.055005	0.512118	0.080267	0.005133675177771748	6.443503454779194	0.48858217951392263
695000	-1942.4504326560068	-1906.5049392527858	-35.945493403221114	-1906.5049392527858	-34.92637945129943	0.989717	1.583291	0.511967	0.442539	0.167105	0.005623	0.108962	1.965291	0.622249	0.005011715940227696	4.812141803554628	0.3080474408276698
700000	-1946.5818545248396	-1906.649507722226	-39.93234680261362	-1906.649507722226	-35.413108069515665	0.615742	0.992989	0.354995	2.159450	0.791823	1.902719	0.478958	0.011238	0.503411	0.005072237196934064	4.9553706668259565	1.9611033380775293
705000	-1943.8992577301567	-1913.0466082068867	-30.85264952326994	-1913.0466082068867	-26.078995945464367	0.968105	0.296578	0.276757	0.372923	0.112718	2.194080	0.828491	0.862765	2.004685	0.005107566882720431	3.599834213171837	1.8740086578853863
710000	-1956.3404164876479	-1907.470415580979	-48.87000090666883	-1907.470415580979	-38.51248554095156	0.610176	3.535084	1.302794	0.033511	0.673177	2.341176	1.220492	0.032944	0.926901	0.005130122583982548	5.3738536540879265	4.8575397139291665
715000	-1939.47184105907	-1902.9290481566159	-36.542792902454096	-1902.9290481566159	-32.44894502470104	0.606567	1.028775	0.612638	0.130141	0.051109	1.888007	0.305879	0.433083	2.103150	0.005020418267465283	5.3738536540879265	2.4400909242136355
720000	-1947.1114306534573	-1905.0114997779392	-42.099930875518226	-1905.0114997779392	-32.47620673678458	0.273472	8.980902	1.120368	0.401613	1.449164	1.686242	0.083087	0.292040	0.693181	0.004861183886515369	5.038213281737603	2.4400909242136355
725000	-1951.5212856748542	-1904.0419630945896	-47.479322580264515	-1904.0419630945896	-38.697417806183815	0.702945	1.817760	0.434744	1.892886	1.927215	1.365594	2.784898	0.208775	0.274913	0.005029577950225637	7.018786966164146	2.4400909242136355
730000	-1944.2701847488138	-1909.3704089343	-34.899775814513745	-1909.3704089343	-29.390016632572596	0.431300	1.016826	0.364569	0.690208	0.085178	0.720178	0.906743	1.556135	0.086336	0.005251051333901935	3.3903158401856275	2.4400909242136355
735000	-1942.3373685686279	-1900.9401906689418	-41.39717789968597	-1900.9401906689418	-36.73248204896848	0.862010	1.578065	1.453506	0.275340	0.031378	2.848477	0.986403	0.687482	0.073320	0.005119081107006188	5.722116866398064	0.6574502217472973
740000	-1947.5207054441462	-1912.3322018070087	-35.188503637137444	-1912.3322018070087	-29.906662378145494	0.429159	1.836141	0.688827	0.679759	1.209623	2.594237	0.260913	1.031035	0.526242	0.004994947699488392	4.81071567116869	1.6952611818742065
745000	-1952.3428186912834	-1906.534645135354	-45.808173555929336	-1906.534645135354	-38.63651154464279	3.041034	0.162849	0.265190	0.460412	0.827906	4.058679	0.705566	0.423074	0.265957	0.004919940180767544	5.393321106213579	1.5503992929372088
750000	-1942.3104317920747	-1903.9842467355338	-38.32618505654082	-1903.9842467355338	-32.02599093630271	1.133949	1.092283	0.512973	0.722695	0.310899	3.984376	0.081009	1.256372	0.289966	0.004868901582068354	5.473198850273272	1.5503992929372088
755000	-1950.2164553708064	-1907.3581998082464	-42.85825556256009	-1907.3581998082464	-36.20796700792759	4.450055	0.625369	0.520493	2.584487	0.034120	1.288215	0.150378	0.534552	0.003680	0.004765569645757383	5.157679815341209	0.11943315387713722
760000	-1943.5982250455208	-1909.7648240188223	-33.833401026698624	-1909.7648240188223	-29.826954295972662	0.695128	0.560658	0.158263	2.453013	0.096696	0.543436	0.741946	1.131799	0.751444	0.004810078540741373	4.78908194630637	0.06115520718872394
765000	-1942.17173648887	-1903.9543666915483	-38.217369797321666	-1903.9543666915483	-32.91200221901416	0.686487	8.152730	0.487648	0.102951	0.472963	1.208911	0.422568	2.143274	0.053473	0.005010497244594538	4.059179466801155	0.3015952745527865
770000	-1950.6596147070354	-1907.0351310223825	-43.62448368465283	-1907.0351310223825	-36.98545275398262	1.164900	0.647533	0.462346	0.053862	0.174423	5.266638	1.429411	0.938811	0.007057	0.004803885314224041	4.503578633085443	0.3015952745527865
775000	-1932.493415729776	-1902.5396804606623	-29.953735269113697	-1902.5396804606623	-27.36156383049721	0.442288	1.573775	0.673406	1.069697	0.035222	1.717584	0.354526	0.543357	0.601431	0.004976299793500069	7.326664011616958	0.5726266624458517
780000	-1945.1322222489448	-1904.6124179920985	-40.51980425684631	-1904.6124179920985	-39.48248270388083	1.046766	2.305492	0.831385	0.710840	0.178268	0.591859	0.221620	0.493366	0.392666	0.005037776073247272	3.091458123103294	0.5726266624458517
785000	-1941.5773006397021	-1911.7887577760725	-29.78854286362968	-1911.7887577760725	-28.033692287269968	0.378062	1.423991	0.505904	0.982878	0.279066	1.561486	0.506068	0.500541	0.194547	0.004877681651034809	5.259991495800842	0.10804971478633059
790000	-1935.96320918793	-1901.1364097316123	-34.82679945631775	-1901.1364097316123	-32.10265122030398	0.799224	1.922744	0.143774	0.207658	0.098175	1.217791	0.150102	0.549527	1.882975	0.004971684217749839	5.864271034512546	0.402492349999494
795000	-1952.4708779593589	-1912.0932198145506	-40.37765814480827	-1912.0932198145506	-35.41460849755219	3.713319	0.770251	0.346792	2.355463	0.399094	0.504395	0.490355	0.641369	1.157245	0.004924213850668128	5.864271034512546	0.11512580174764045
800000	-1949.5687320820152	-1906.3895004216981	-43.1792316603171	-1906.3895004216981	-32.024708027165666	1.376959	5.599944	0.176790	0.585424	0.109975	6.540013	0.621502	1.713399	0.253625	0.0050119848638148015	7.020726942095351	0.13269623502539238
805000	-1949.4519157257025	-1905.5546797468583	-43.89723597884416	-1905.5546797468583	-35.13997763262711	0.702366	4.126822	1.794691	1.212863	0.232859	4.088638	1.250873	1.216319	0.091808	0.0050545409678412175	4.9470722823020665	0.30700452086075647
810000	-1948.5411706531468	-1916.3889013382914	-32.152269314855324	-1916.3889013382914	-29.2684726404797	0.374109	1.284543	0.339932	0.368230	0.168751	3.316635	0.287669	1.311938	0.505722	0.004933259321081854	5.057090145482366	0.06551100933647724
815000	-1954.8580894818028	-1910.011936138415	-44.84615334338787	-1910.011936138415	-35.813181868006446	1.091829	1.152224	0.227169	2.141561	0.750492	3.513509	1.211484	2.619742	1.433458	0.00503828173851181	5.057090145482366	0.07820377407833047
820000	-1949.969598979209	-1911.0954908644128	-38.874108114796115	-1911.0954908644128	-37.28221453179454	0.916633	1.126495	0.591368	0.189121	0.120060	0.923639	0.074856	0.838916	0.050556	0.005144669241757496	9.25920859469374	0.3788797836054053
825000	-1940.7625103648766	-1904.7886422132806	-35.97386815159599	-1904.7886422132806	-32.758400389608184	0.658307	0.421466	0.434935	1.290873	0.267261	1.502190	0.533825	0.721088	0.890381	0.005084842203610665	11.659525506286176	0.21524787633070772
830000	-1936.7495293996524	-1911.883693421854	-24.86583597779831	-1911.883693421854	-23.40326795201774	0.375897	0.857275	0.329470	0.692041	0.347934	1.269564	0.428010	0.751036	0.015592	0.005003064454499503	11.659525506286176	0.35163532227009786
835000	-1947.432299709174	-1911.0745816432552	-36.35771806591872	-1911.0745816432552	-32.53160136041627	0.966003	0.327180	0.710915	0.606574	0.240820	1.669330	1.055437	2.342730	0.000136	0.004905816819820819	7.382503229083557	0.35163532227009786
840000	-1947.7641350616568	-1907.8782319839895	-39.8859030776674	-1907.8782319839895	-38.247721975080275	0.361645	1.035001	1.046988	1.922771	0.309275	0.613995	0.269626	0.750952	0.040283	0.005013673943623268	6.777416282836526	0.35163532227009786
845000	-1953.9054738224204	-1908.566871452295	-45.33860237012552	-1908.566871452295	-41.95859444326522	1.449320	1.218458	0.804010	0.340229	1.086166	3.288726	0.100051	0.101688	0.224857	0.005025113845964818	4.6367472755697845	0.5112850871800158
850000	-1946.983994051747	-1903.4632010299192	-43.52079302182782	-1903.4632010299192	-35.21665296045466	0.464217	3.080976	0.916522	0.029081	0.942606	1.128867	2.550034	0.012662	2.692569	0.004784751801514559	4.6367472755697845	0.19695161847581613
855000	-1943.239673260674	-1903.00122908631	-40.238444174363856	-1903.00122908631	-36.52141957953301	1.473939	1.039455	0.328358	0.020648	0.027317	1.056826	0.493367	0.374600	3.388719	0.005113447723232084	4.82199944780487	0.41712034916108054
860000	-1946.1267610911705	-1903.0341467034261	-43.092614387744334	-1903.0341467034261	-39.498364694639214	0.884647	1.605328	0.849013	0.023245	1.545889	0.485476	2.129755	0.950424	0.280731	0.005003576012937486	4.827565587560413	0.5706874680219383
865000	-1941.0849246051105	-1905.662780884735	-35.42214372037559	-1905.662780884735	-32.502767012110915	1.529806	0.442652	0.331994	0.069439	0.295438	0.285987	1.624741	2.056553	0.422666	0.005001995873340581	8.314250648225837	0.5010341933644293
870000	-1947.2049817998954	-1905.1860388675216	-42.01894293237387	-1905.1860388675216	-36.80727095957226	0.481522	4.187040	0.451391	0.359794	1.973405	1.395097	0.293507	0.155869	0.661673	0.004869345868423792	6.850706143648746	0.19908063952348418
875000	-1948.5769094856605	-1916.5304717818751	-32.04643770378531	-1916.5304717818751	-29.702291684416693	0.730145	1.571615	0.379949	0.165563	1.136232	1.187915	1.498679	0.293640	0.294506	0.004983110111460205	6.850706143648746	0.158314788650527
880000	-1944.1426392616554	-1905.3571213831028	-38.785517878552675	-1905.3571213831028	-34.17287343177263	1.001167	1.770907	0.437856	1.037902	0.304425	2.624400	0.038193	0.146366	1.607601	0.005066934060168098	6.239238912408726	0.7193681970548536
885000	-1953.518601951374	-1909.5059910320062	-44.01261091936772	-1909.5059910320062	-38.07091064644703	0.961838	3.769667	0.761329	0.736544	0.328170	1.565240	0.407397	0.669218	0.098672	0.004774283127446563	4.9564362174756935	0.3316356116811311
890000	-1939.3107201052196	-1908.5116694354406	-30.79905066977908	-1908.5116694354406	-30.17135255303291	0.437809	0.395727	0.439717	0.244193	0.168424	1.055629	0.575004	0.186960	1.108940	0.004844885640011296	4.9564362174756935	0.22816429068390748
895000	-1943.2920009470972	-1901.3210508889636	-41.97095005813366	-1901.3210508889636	-33.74277570601973	0.656854	1.372238	0.947507	0.819390	0.058411	4.537594	2.317778	0.530790	2.020230	0.004913170263195836	5.089672548857961	0.22434056568535957
900000	-1953.5323968274845	-1916.1706690280926	-37.36172779939185	-1916.1706690280926	-31.245090339656066	1.346772	0.818464	1.549831	0.291943	0.158624	3.832393	0.759109	0.643197	0.665680	0.00486090728890171	6.12554386319887	0.4712575828144176
905000	-1950.4633008250785	-1904.717304460286	-45.74599636479241	-1904.717304460286	-36.43669659589471	0.869452	1.123490	1.470479	1.625747	0.039836	3.939753	1.274000	0.391098	1.373963	0.00486336905200187	7.28426707714643	1.3743267837153696
910000	-1946.4082547127407	-1907.862114679707	-38.54614003303379	-1907.862114679707	-35.55431154361126	0.790692	0.325370	0.757821	0.879360	0.147504	1.864573	0.973325	0.297474	0.863605	0.005054011479517561	7.28426707714643	0.8545784820425721
915000	-1948.556906698948	-1910.4310389058442	-38.12586779310394	-1910.4310389058442	-31.651461362410775	0.330982	2.003977	0.496765	1.225629	0.664624	5.271837	0.470177	0.094356	1.135098	0.004961714942539508	5.311341201959058	0.13104365134069926
920000	-1946.853871495302	-1904.5784350757226	-42.275436419579265	-1904.5784350757226	-32.69951564963152	0.330806	3.619837	0.689312	3.149856	0.084893	2.008017	0.203447	3.994258	0.558656	0.005008058000680326	8.646752593910808	0.06368995817428807
925000	-1946.0639910411346	-1909.2767826258762	-36.787208415258384	-1909.2767826258762	-30.450561993842502	2.965485	0.321644	0.639658	3.420522	0.136176	0.929256	1.606185	1.333505	0.290521	0.005111606025732521	3.7799455225587177	0.18580230074759302
930000	-1953.6689583827692	-1909.9868284376046	-43.682129945164746	-1909.9868284376046	-36.38683650631831	1.604490	0.985264	1.017254	5.492212	0.748588	0.912115	0.647333	0.443557	0.720624	0.00502508583371655	5.711938937547163	0.18580230074759302
935000	-1949.3749003146747	-1906.8146301499282	-42.56027016474657	-1906.8146301499282	-35.88496463992473	1.111591	1.245806	0.801131	6.841370	0.197128	0.377634	0.308627	0.654070	0.141956	0.005021638671205257	6.695076260746028	0.20407464143538886
940000	-1953.5308614593189	-1909.6277925866755	-43.90306887264347	-1909.6277925866755	-38.802789304743364	0.814896	1.222784	0.546295	2.143955	0.127199	0.050266	1.297155	0.163660	4.717985	0.0050573907153441755	3.2630259621751394	0.018763297722443343
945000	-1952.402980754818	-1902.0871712518428	-50.31580950297506	-1902.0871712518428	-38.66004313384434	1.416278	29.598405	0.378142	0.069721	0.546938	1.928674	0.174777	0.826018	1.028583	0.005118410103382373	4.2370256978472405	0.23058785948714372
950000	-1953.44000112551	-1903.5813155371304	-49.858685588379515	-1903.5813155371304	-41.47098788488225	0.928662	1.436810	1.633988	4.076515	1.165443	0.200665	0.237122	0.956609	0.262895	0.0048015749937318645	9.29574331334478	0.23058785948714372
955000	-1948.1338420653688	-1907.2063521557188	-40.92748990964988	-1907.2063521557188	-35.785234668558665	0.156015	3.608944	0.752354	1.650349	0.135869	2.263346	0.114240	0.494030	0.273605	0.005013640450212411	9.464519635769326	0.11758095843446978
960000	-1939.215804125711	-1907.0894027082606	-32.126401417450396	-1907.0894027082606	-28.744134554820395	0.191916	0.643869	1.332311	1.838818	0.293149	1.286056	0.028124	0.107379	0.842608	0.005190564348510021	3.441152809277264	0.6128655923823473
965000	-1936.2328098814091	-1907.9583516967828	-28.2744581846264	-1907.9583516967828	-28.946888521633618	0.723352	0.403058	0.829549	1.285904	0.076194	0.211868	0.380893	0.281314	0.150618	0.005022742530727937	5.618548346028429	0.3493081689628734
970000	-1949.769561095741	-1906.6849751300858	-43.084585965655194	-1906.6849751300858	-34.75595316169571	5.736352	0.328435	2.309753	3.019482	0.919873	0.718907	0.867247	0.308132	0.005553	0.004929757511972834	4.483682372162472	1.088162241747341
975000	-1961.548252941679	-1912.333903647439	-49.21434929423994	-1912.333903647439	-42.62661843385226	0.441321	1.622381	0.695507	2.108622	1.340110	1.901569	0.080365	0.487517	0.490158	0.0050179027720139045	4.483682372162472	3.1549318869503065
980000	-1948.6608140770113	-1911.4528772527085	-37.20793682430286	-1911.4528772527085	-30.037564279431372	0.293648	1.334693	0.305827	1.558736	0.296104	1.117020	0.613186	0.323305	1.454929	0.004878421045345606	10.483083556768376	3.1549318869503065
985000	-1947.5245064024946	-1906.6062138926889	-40.91829250980575	-1906.6062138926889	-30.9751889416557	0.637423	1.561777	0.132855	0.517514	0.047176	1.800996	0.578305	0.356894	5.793294	0.005163189678068591	5.981760328134884	1.707164551605328
990000	-1936.8565662046974	-1903.5491000634142	-33.307466141283165	-1903.5491000634142	-30.081747710962304	0.581505	1.130379	0.482570	0.418088	0.217066	2.022670	0.183629	0.011725	2.572374	0.005031566001601309	5.981760328134884	0.883369453452541
995000	-1949.343235221999	-1906.6005836120685	-42.74265160993065	-1906.6005836120685	-37.131954371095766	0.660172	0.695559	1.417228	1.157491	0.034298	3.093684	1.454684	0.010884	1.913406	0.005016064154706628	6.088100547142266	0.5281365573165941
1000000	-1946.388602921489	-1903.5672101363007	-42.8213927851885	-1903.5672101363007	-41.00642203970096	0.751602	1.676687	0.446138	0.378915	0.176145	1.785694	0.781151	0.479850	0.301654	0.004943315431949124	6.088100547142266	0.20482422080714602
1005000	-1938.114486678156	-1901.8135314638544	-36.3009552143017	-1901.8135314638544	-34.095373155720935	0.362222	2.216964	0.958489	0.127097	0.166756	0.735913	1.230904	0.610442	0.059978	0.004914551268371116	6.088100547142266	0.7158507271907301
1010000	-1951.5158901452041	-1913.5579023990972	-37.95798774610694	-1913.5579023990972	-33.26109513437746	0.378109	4.651729	0.506131	0.654135	0.581536	1.414126	1.812860	0.101680	1.156559	0.005007135365641154	4.184157877527876	0.10505994635049386
1015000	-1957.2049571266277	-1916.387043197439	-40.81791392918875	-1916.387043197439	-34.65504885724782	0.423874	1.965238	0.692303	0.065287	0.251359	1.717580	2.681753	0.427282	1.987705	0.005102618441897257	8.914443361098037	0.14506408349408867
1020000	-1943.3330279987763	-1903.1482838224315	-40.18474417634473	-1903.1482838224315	-38.04523291456053	0.152566	0.382243	2.011009	1.126087	1.478894	0.495220	0.375738	0.130029	0.138295	0.004859741337025351	3.637318709235527	0.1549810293331714
1025000	-1961.2998221218743	-1911.1461876912579	-50.153634430616506	-1911.1461876912579	-43.57831664993107	1.263791	5.640867	1.283715	0.166268	0.061853	2.191265	0.665180	0.217810	0.792207	0.004883195761590355	6.402906583610127	0.3304164692784817
1030000	-1945.543218961994	-1901.094203652266	-44.44901530972791	-1901.094203652266	-34.10450447341464	0.630512	14.116412	0.292772	2.834815	0.074884	2.637106	0.523036	0.017110	1.453135	0.005019349613322944	5.073857030746299	0.10671430356584184
1035000	-1945.87206208956	-1910.894932230085	-34.977129859474836	-1910.894932230085	-32.65313418691997	1.019509	1.142073	0.381820	0.430481	0.227153	0.422329	0.362624	1.553781	1.989959	0.004902701550701914	4.127752430744397	0.12138186050472986
1040000	-1939.1967683317828	-1904.4376489200552	-34.75911941172763	-1904.4376489200552	-32.6098975817578	0.638578	0.614198	1.168038	0.622501	0.333981	1.864208	1.558629	0.405166	0.088273	0.005033696504562195	6.133636975716907	0.13566716688711866
1045000	-1944.8950366253662	-1910.7262145686755	-34.16882205669066	-1910.7262145686755	-30.28734782629111	0.497083	0.966853	1.414959	1.259779	0.402949	2.920496	0.094777	0.836874	0.052658	0.005078825081878015	6.161637300346042	0.4436339335474892
1050000	-1935.2636702412317	-1905.2888190998756	-29.97485114135609	-1905.2888190998756	-28.718134447643166	0.845664	1.103462	0.689533	0.070078	0.027322	0.975515	0.164191	0.544639	0.161730	0.004815889977782271	4.428602172089927	0.7995337283536563
1055000	-1952.2420856486767	-1909.0442359002855	-43.19784974839118	-1909.0442359002855	-34.60843614508805	4.628595	0.245972	0.694983	2.170958	1.363080	1.369195	0.384324	0.905607	0.115037	0.0051637229303676474	9.582867069819347	0.5759614562594322
1060000	-1955.3227027164921	-1903.77432274822	-51.54837996827219	-1903.77432274822	-36.87257190968861	0.273070	3.522366	1.908197	2.102801	3.199449	3.142146	0.030907	4.790403	0.360866	0.004882242607646947	6.153473450640904	0.2666074601186544
1065000	-1953.9674021619555	-1913.9248841452602	-40.04251801669528	-1913.9248841452602	-31.24546832117614	1.807646	6.900780	0.147919	0.222412	0.018124	1.451803	0.020355	2.331489	1.112580	0.004918941617840742	3.8271541947480645	1.8451372175195317
1070000	-1943.9713386348867	-1907.9966632397595	-35.974675395127186	-1907.9966632397595	-33.409005682650836	1.000757	1.736982	0.361303	0.083412	0.051759	1.389293	0.069093	0.290990	0.859838	0.005035917174585606	6.431921619193443	1.8451372175195317
1075000	-1950.7917704690128	-1912.598961227081	-38.19280924193189	-1912.598961227081	-36.75309664218684	0.682701	0.446051	1.474855	0.355543	0.081624	0.505492	0.007924	2.548881	0.013231	0.004974115190909424	6.431921619193443	0.5136130594944681
1080000	-1934.1903654081225	-1900.1079710744993	-34.08239433362321	-1900.1079710744993	-27.274872258693712	0.626456	7.158720	0.172261	1.219337	0.091879	2.320579	0.309683	0.189199	1.122481	0.004933654440713532	6.431921619193443	0.29310959808233844
1085000	-1944.7874807955543	-1905.3725217477242	-39.414959047829974	-1905.3725217477242	-36.56232054430727	0.902170	0.821880	0.438042	0.905268	0.217623	2.015522	0.559232	0.170474	0.114017	0.0048319395195105955	7.37563559719319	0.29310959808233844
1090000	-1939.6950526009964	-1906.5635129088444	-33.13153969215215	-1906.5635129088444	-28.973542704206015	0.706108	0.313760	0.918058	3.268300	0.555427	0.969629	0.577235	0.513576	1.145080	0.005034897880309986	5.75711846688452	0.3863326374596571
1095000	-1941.0577047204213	-1902.0886015815436	-38.969103138877664	-1902.0886015815436	-37.213002038861696	0.859056	1.516059	0.550651	1.074617	0.069584	0.923627	0.474307	1.574985	0.278107	0.004946820331354021	3.693871694558504	0.33155049439390116
1100000	-1947.0991518423286	-1907.7766832430739	-39.32246859925485	-1907.7766832430739	-34.997837261586554	4.067257	0.726447	0.347304	2.048803	0.552553	0.852145	0.007790	0.639374	0.285913	0.005016988902421167	8.103468782393346	0.22177720362444026
1105000	-1946.7134686281786	-1908.6896362124924	-38.02383241568621	-1908.6896362124924	-33.1763876857656	1.649229	1.323762	0.264831	2.633901	0.216098	0.441248	0.319871	0.868543	1.875737	0.004944078972880465	6.723937546964972	0.06075628600477022
1110000	-1933.6442238277516	-1902.0487057123182	-31.595518115433485	-1902.0487057123182	-23.268723417610733	0.347189	6.910221	0.302121	1.103504	0.120082	4.176896	0.108133	0.273013	1.573545	0.005083232285507961	5.2404473714121265	0.4011457802414496
1115000	-1951.462174927306	-1904.621698283009	-46.84047664429708	-1904.621698283009	-43.03208547931056	1.128492	2.149647	0.830878	0.241377	0.320176	2.599877	0.863484	0.096007	0.730590	0.00494130316398028	4.086748936795665	0.6979402571732743
1120000	-1948.7329924764665	-1902.9521245416865	-45.78086793478003	-1902.9521245416865	-38.8776395063777	0.377360	5.249330	0.375202	0.699108	1.246996	2.008213	0.640547	0.020491	1.474293	0.005013820595773884	9.124356693356281	0.48307369230226077
1125000	-1948.7953443942079	-1912.6880837801232	-36.107260614084744	-1912.6880837801232	-33.91362236000782	0.436988	1.593254	0.381568	0.075696	0.175698	0.605688	0.045874	0.068848	0.975535	0.0051173515151485445	4.064749341968032	2.9063392790960894
1130000	-1952.1634519930415	-1904.9895594515451	-47.17389254149628	-1904.9895594515451	-38.967647179636856	1.288542	0.978869	1.629943	0.185608	0.135086	4.658162	1.710254	0.058052	2.003543	0.00488447812997234	6.090045123535527	0.2935028163036014
1135000	-1941.4246783915644	-1905.8437844870132	-35.580893904551225	-1905.8437844870132	-29.090048598677264	0.208150	1.795277	0.828269	1.838341	0.186983	3.889548	0.633275	0.430374	1.182920	0.004979635472383357	5.856478544498153	0.4972414013342206
1140000	-1963.4460145239707	-1913.1352568598074	-50.310757664163354	-1913.1352568598074	-42.473122040947345	1.718608	4.023847	0.380029	3.667885	0.113573	2.221020	0.683163	0.211425	0.203820	0.0050738004101520085	5.856478544498153	0.3507946061747063
1145000	-1938.2244675231505	-1906.9013453814637	-31.323122141686724	-1906.9013453814637	-31.129587303410958	0.376307	0.648150	0.438393	0.432524	0.069019	0.684955	0.525062	0.447127	0.278024	0.005136884011121452	5.856478544498153	0.5803788097628294
1150000	-1938.100737596608	-1904.7813255202666	-33.31941207634153	-1904.7813255202666	-31.40641908703412	0.600157	1.712035	0.565226	0.760420	0.680678	0.180448	0.036205	0.487098	0.499493	0.005169371332227687	6.034696183606363	0.33153116193087145
1155000	-1946.2189609928807	-1912.3336900214426	-33.885270971438004	-1912.3336900214426	-28.165881777128437	0.447938	2.018036	0.497095	2.410250	0.695115	2.002001	0.039615	1.192045	0.535162	0.0048360725652472295	4.359647713662748	0.3369881040410193
1160000	-1944.089349033922	-1909.2441110762425	-34.84523795767958	-1909.2441110762425	-31.1082403881903	0.603107	4.181083	0.716666	0.448428	0.027374	2.258635	0.074556	0.297211	0.522814	0.005018540874531681	7.164979269704793	0.4151276685878955
1165000	-1934.3406000658024	-1904.0597531993146	-30.28084686648781	-1904.0597531993146	-24.03574564359463	0.221325	1.825946	0.448800	1.492405	0.666731	1.485481	0.071457	1.300871	0.554776	0.005149222053902779	7.164979269704793	1.7505056527361762
1170000	-1944.5111835479854	-1905.475143655443	-39.03603989254248	-1905.475143655443	-31.926556275584858	1.217333	1.097257	0.124346	0.413994	0.394821	3.727821	0.099747	1.811650	1.450710	0.004845966311215186	4.823831040881783	0.3366869904775669
1175000	-1944.3935536961358	-1907.477736881013	-36.91581681512286	-1907.477736881013	-34.27513446731674	0.438980	3.099799	0.176610	0.468650	0.463918	0.946075	0.166802	0.249235	0.515789	0.004887372269615501	6.567812578628703	0.40109953198047477
1180000	-1943.7811366233107	-1912.087834211429	-31.69330241188153	-1912.087834211429	-30.819278133461243	0.713726	1.600526	0.431506	0.870535	0.135579	0.049641	0.384008	0.608469	0.923492	0.005054736283731279	6.6428103588221035	0.18270058483752247
1185000	-1953.6525470406316	-1910.9086308243814	-42.74391621625027	-1910.9086308243814	-33.60629103413161	1.106575	0.544335	0.358371	0.990816	0.803673	0.379455	0.644205	2.214344	2.821737	0.004835172502424812	6.645161359837771	2.984416304546668
1190000	-1943.2277907483149	-1903.6811544714162	-39.54663627689858	-1903.6811544714162	-28.904643480293227	0.303920	6.367931	0.597568	1.060022	0.912984	4.105510	0.792062	0.313703	2.369546	0.005072274044283768	4.532974889020961	0.9236430283294252
1195000	-1949.590055990838	-1916.1244424733295	-33.46561351750846	-1916.1244424733295	-29.140597727382485	1.642406	1.573248	0.199555	0.286005	0.974257	0.181570	0.743172	0.817160	0.998621	0.004832576788086861	4.373984718511736	0.9049979379839345
1200000	-1948.520548515919	-1906.030434716768	-42.49011379915109	-1906.030434716768	-35.46547588687687	0.417988	4.572861	0.224262	2.720347	0.039448	2.490829	0.757854	0.145413	1.488621	0.005051853082443465	3.6961695868531677	0.49649186197550704
1205000	-1938.2546091450863	-1903.4739807491217	-34.78062839596466	-1903.4739807491217	-34.05914591190902	0.291046	1.014275	0.525188	0.505039	0.459027	0.658266	0.037583	0.362532	1.424588	0.005089580914167012	4.772096397024041	0.49649186197550704
1210000	-1947.5985310370957	-1906.7338291340902	-40.864701903005326	-1906.7338291340902	-37.26444196349556	0.392357	1.203436	2.145473	1.451084	0.086136	0.863584	0.045243	1.278536	0.466718	0.004863904041255211	5.272112965559566	0.31338432636823427
1215000	-1942.2778565643075	-1909.7766858073817	-32.50117075692586	-1909.7766858073817	-27.060259273423473	1.186397	1.108399	0.085866	0.576456	0.334456	3.658138	0.942572	0.103229	0.587642	0.005097212260277597	5.279706609702218	0.5013076345719851
1220000	-1938.9349954184454	-1903.5222005094784	-35.412794908967	-1903.5222005094784	-34.23516847577373	0.665240	0.824556	0.193714	1.645774	0.160698	0.465891	0.609551	0.956646	0.098350	0.0050655167930813965	5.279706609702218	0.40685546360574343
1225000	-1940.0509161023647	-1903.4476090135126	-36.603307088852	-1903.4476090135126	-29.743911696680488	4.032088	0.248143	0.329955	2.511072	0.031844	2.043903	0.163240	0.226887	0.658330	0.005109182349599375	6.19143413018541	1.5308480388033014
1230000	-1937.819114964837	-1902.4461470992399	-35.3729678655971	-1902.4461470992399	-32.90210797597252	1.043981	0.900016	0.371131	0.866275	0.078047	1.240007	1.027369	0.307704	1.311075	0.005002665879823277	6.19143413018541	0.548320016414112
1235000	-1941.625416182055	-1907.3467080669982	-34.27870811505689	-1907.3467080669982	-28.43087679066892	0.830031	2.132131	0.193598	0.522850	0.279406	2.956082	1.251716	1.018389	0.155921	0.004887420525997959	6.926561155442243	0.6260686133602853
1240000	-1948.9316689518735	-1906.100564454126	-42.831104497747525	-1906.100564454126	-30.913756482155502	0.565073	2.171578	0.512453	2.388641	0.392580	7.234436	0.826491	0.588877	0.058059	0.0051020804252289945	10.933869208604666	1.064793912633503
1245000	-1952.269390410267	-1911.137667886895	-41.13172252337197	-1911.137667886895	-37.53898724078539	1.307872	1.989113	0.569422	0.291199	0.016304	2.642471	0.121652	0.210241	0.266446	0.0050985875420742465	10.933869208604666	0.1151587717864961
1250000	-1941.2301830823824	-1905.8924164984096	-35.337766583972815	-1905.8924164984096	-30.159153173941377	0.334581	2.132063	1.707726	1.022900	0.000159	2.090226	1.081366	0.223106	0.932152	0.004975079372565957	9.882873923159346	0.1396325305074378
1255000	-1955.9991270166022	-1914.7449144655516	-41.254212551050664	-1914.7449144655516	-37.07928100881658	0.193418	0.843101	2.863723	0.717550	0.296239	0.565057	0.888896	0.262486	2.825539	0.004924277726270627	3.984413205265231	0.1396325305074378
1260000	-1949.6196412797926	-1908.3328120296592	-41.286829250133465	-1908.3328120296592	-37.586608961825284	0.739237	0.602481	2.845997	1.980103	0.820173	0.470899	0.731568	0.035581	0.763301	0.004988356780160801	6.593353923249884	0.1889641828416306
1265000	-1948.1733349734518	-1908.0720490671913	-40.10128590626049	-1908.0720490671913	-35.92253832874797	2.580250	0.302009	1.239453	1.513860	0.253303	0.891807	1.509566	0.138861	0.441845	0.005095333963701598	6.593353923249884	0.07597973523475657
1270000	-1948.3636184206648	-1906.9891918855728	-41.374426535091885	-1906.9891918855728	-39.99616716398177	0.996323	1.292918	0.419307	0.664848	0.197470	0.307554	0.650410	1.921984	0.390328	0.0050361602347609846	4.975326030064508	0.05658456982496797
1275000	-1950.3536161524146	-1913.1135424728686	-37.24007367954591	-1913.1135424728686	-35.564941487077355	0.399501	1.578583	0.476707	1.785212	0.432289	0.702515	0.080833	1.204868	0.522664	0.004991409079523348	4.994112552548237	0.011196175648334285
1280000	-1946.4537704623808	-1906.9042061981268	-39.54956426425397	-1906.9042061981268	-34.74264807894645	0.225862	2.324193	0.878323	0.672750	1.171788	2.126073	0.653509	0.445450	1.659594	0.004946816553172047	4.355569362526788	0.08957575280266943
1285000	-1950.0746211432474	-1907.2372915765964	-42.837329566651164	-1907.2372915765964	-36.98713965381876	2.329335	0.337855	1.505341	2.996187	0.366168	1.083888	0.497444	0.445818	0.739300	0.004869259746395873	5.144848627506858	0.29161009493660717
1290000	-1945.2645121285993	-1902.4419871570651	-42.82252497153433	-1902.4419871570651	-39.22861891169722	0.365741	0.374554	1.073854	1.216215	1.551525	0.694620	0.779929	0.293411	0.126698	0.0048665863363918024	7.26863601184394	1.0669404949608847
1295000	-1954.365829357525	-1911.050627978475	-43.31520137905003	-1911.050627978475	-35.94361867357543	1.349809	0.707103	0.221039	0.300668	0.896401	0.259014	0.662886	1.087841	3.459160	0.005212317991978181	5.682184464560764	1.2446785236130131
1300000	-1947.708319144861	-1907.8140310543217	-39.89428809053933	-1907.8140310543217	-36.63364680315958	0.344829	2.598563	0.475889	0.535778	0.534685	0.685472	0.075086	0.222433	1.973240	0.004969381650379344	5.595435744344326	1.2446785236130131
1305000	-1946.8683731885467	-1909.7434061679824	-37.12496702056421	-1909.7434061679824	-32.46506265891157	0.416569	3.122227	1.772872	1.345953	0.091396	1.728485	0.094408	0.425125	0.062203	0.004855313720270802	3.8316110850469602	0.8461838128950144
1310000	-1956.5232207574368	-1914.4194777068526	-42.103743050584114	-1914.4194777068526	-38.57089359101933	1.928020	0.578000	0.483251	0.420138	0.196197	1.603577	0.100792	0.948474	0.385371	0.004873676463067457	9.459139398559657	0.7170935352545414
1315000	-1939.487233521686	-1909.0473932916138	-30.439840230072264	-1909.0473932916138	-26.81100668708575	0.976300	0.622105	0.236756	0.203523	0.172797	2.661601	0.963635	0.011525	1.104714	0.004868173575463377	9.459139398559657	0.07864262577174853
1320000	-1948.7347733621903	-1913.5006104477884	-35.23416291440188	-1913.5006104477884	-27.305482644681646	1.558778	0.755262	0.120120	0.258218	0.091987	4.227607	1.663589	0.490947	1.444625	0.004878397285223037	9.459139398559657	0.2327728684214994
1325000	-1944.7733850577713	-1902.3424625982352	-42.43092245953618	-1902.3424625982352	-33.95165342056462	1.175672	1.265864	0.435495	0.163702	0.035372	4.402397	0.530726	0.111896	2.985160	0.005175740205522014	9.459139398559657	0.4010039479143128
1330000	-1939.5127008994377	-1903.899648605255	-35.61305229418281	-1903.899648605255	-32.14300712946214	0.531701	3.872236	0.794960	0.033315	0.397366	1.098082	0.038476	1.049177	1.284502	0.005053525020608393	3.7930055573823176	0.8147491691101033
1335000	-1947.7226673817618	-1908.4526381488022	-39.27002923295961	-1908.4526381488022	-34.842194567811354	0.280341	2.573894	0.900326	1.401146	0.414337	1.949585	0.795616	0.947702	0.234441	0.00501503942857178	6.185382099271204	0.1979298545107177
1340000	-1946.1894708409375	-1904.8604451703927	-41.32902567054482	-1904.8604451703927	-35.330474446559556	0.703957	1.313560	0.310688	1.732325	0.977730	2.306045	1.304799	1.133412	0.863595	0.004887681130332252	4.918000771471999	0.20219600055554163
1345000	-1938.6715312663146	-1903.628956437582	-35.04257482873255	-1903.628956437582	-34.18381818961671	0.458610	0.654244	0.963552	0.603143	0.121173	0.786486	0.837908	0.772016	0.097880	0.004979081544358997	4.1783009125179005	1.368140547511992
1350000	-1938.2473730455301	-1900.263964583582	-37.983408461948066	-1900.263964583582	-29.97923221991172	1.008946	1.656360	0.275610	0.610319	0.274294	3.950845	1.825265	0.976381	0.650680	0.005146227644119111	4.1783009125179005	1.368140547511992
1355000	-1956.204610385232	-1904.2427514883739	-51.961858896857976	-1904.2427514883739	-39.824098588062	5.875284	5.117831	0.151671	1.882866	0.346657	1.012169	0.993603	0.780978	1.050439	0.004844389234441859	4.856073850899548	1.368140547511992
1360000	-1940.875185539848	-1903.0388223472214	-37.836363192626564	-1903.0388223472214	-31.9156779424137	0.764876	3.311776	0.644899	0.886249	0.457525	2.023322	0.946658	0.009492	0.902886	0.004882437077254768	4.856073850899548	1.368140547511992
1365000	-1942.1763965057337	-1907.5492802988135	-34.62711620692011	-1907.5492802988135	-27.772353720588377	2.008810	0.460997	0.146974	3.052987	0.017255	0.080496	0.364711	2.371321	0.100806	0.005221686067318751	4.856073850899548	0.7273106588447382
1370000	-1941.5727816070475	-1911.8029098844786	-29.76987172256886	-1911.8029098844786	-29.32158149064235	0.863515	0.669531	0.746657	1.115475	0.015456	0.813701	0.074466	0.912591	0.052034	0.004952221052192203	6.177083368027777	0.4126296514829742
1375000	-1948.5750401154378	-1907.0802108607863	-41.49482925465156	-1907.0802108607863	-35.36912419519841	0.942565	5.863314	0.353863	0.654414	0.005426	1.947950	0.023424	1.497576	0.320016	0.0048824597188790175	6.598307437983589	0.4639001123600958
1380000	-1958.2287778940856	-1912.3018983178395	-45.92687957624626	-1912.3018983178395	-40.13837520400869	0.534178	3.520582	1.514982	1.601899	0.002817	1.833770	0.017816	0.235060	0.061520	0.004829365811555442	7.6923560061558325	0.4639001123600958
1385000	-1938.2272005468271	-1903.2146171097213	-35.01258343710572	-1903.2146171097213	-31.424894831435093	0.750415	2.698268	0.271862	0.160032	0.689416	1.318884	0.278339	0.639279	0.826949	0.004889470769361338	6.892572947026119	0.4639001123600958
1390000	-1949.8177158364	-1904.608720648838	-45.20899518756201	-1904.608720648838	-40.704682134122415	1.539801	0.685479	0.727547	1.378792	0.422107	0.969563	2.225517	0.374763	1.429944	0.004914912526302912	3.3174267898899963	0.5712583273126746
1395000	-1959.626753021526	-1912.4387052397158	-47.188047781810134	-1912.4387052397158	-43.37952007834173	1.578816	0.212505	0.322313	0.879427	0.511709	2.624942	0.464531	0.110856	1.702102	0.0049393952778068115	3.92700491949792	0.59235451132189
1400000	-1960.5361114798086	-1914.244461765653	-46.29164971415554	-1914.244461765653	-41.425198052138434	0.600865	4.362223	2.727420	0.130685	0.024341	0.917827	0.507111	0.916774	0.357195	0.0049356827223475735	5.51236952762895	0.6463540537619257
1405000	-1946.206383337611	-1905.0487555258685	-41.15762781174253	-1905.0487555258685	-39.67976479839557	0.632158	0.829461	1.227800	1.193062	0.040596	0.453887	0.246657	0.676232	1.111305	0.004920225274984685	5.064790480887099	0.38085469607368594
1410000	-1942.7475059777605	-1902.1137023070937	-40.63380367066669	-1902.1137023070937	-35.82139283905632	2.036319	0.415205	0.516564	2.526638	0.227571	1.385556	0.727572	0.656319	0.514251	0.004899945726601257	7.988254855245165	0.18770506496820413
1415000	-1958.0770730131298	-1918.8399686063453	-39.23710440678451	-1918.8399686063453	-32.20537999482262	5.108454	0.116577	1.509776	2.820383	0.020824	0.941824	0.315709	0.511613	0.474815	0.0050571469854119346	7.988254855245165	0.10799092957650751
1420000	-1937.155679514717	-1899.7388123874491	-37.41686712726778	-1899.7388123874491	-33.98966630986634	1.868098	0.598505	1.002369	2.961962	0.154047	0.053671	0.519975	0.638081	0.692684	0.004920018709600194	4.349297689830468	0.4977464130892258
1425000	-1949.5543525087423	-1905.4603109618795	-44.0940415468628	-1905.4603109618795	-38.74182887571419	0.227902	2.424234	1.226226	0.342763	2.250162	1.301824	0.516375	0.253758	0.644732	0.004826012244651199	3.9049028603714224	0.400328427174044
1430000	-1949.3540912334402	-1903.881700713079	-45.47239052036124	-1903.881700713079	-42.08614536623189	0.321607	1.689438	1.008921	1.642532	0.716223	0.680033	0.465118	0.031537	0.607231	0.004841717468984769	5.236842131777773	0.4102524152789797
1435000	-1942.4716078708643	-1907.9816595259101	-34.4899483449542	-1907.9816595259101	-32.812814345376154	0.471171	1.204775	0.821583	0.243457	1.065382	0.317597	0.289318	1.198468	1.778695	0.004979582480128991	4.326057159902996	0.06507698794129778
1440000	-1952.218849997091	-1904.9565830465426	-47.26226695054827	-1904.9565830465426	-40.25177318330733	0.358974	2.529738	3.539745	0.023721	0.917745	1.855653	1.095288	1.030458	0.096927	0.004891952036735093	7.711732588357474	0.4867157678273804
1445000	-1936.6807053653324	-1899.1047884075006	-37.575916957831794	-1899.1047884075006	-30.767457480166247	0.191072	9.124905	0.440388	0.499435	1.192174	1.625565	0.280995	0.054842	0.168934	0.005129829850905227	6.943451090342549	0.4309527254310755
1450000	-1950.8275185184443	-1905.2988454097208	-45.52867310872353	-1905.2988454097208	-37.553764290544464	1.791935	4.527684	0.831680	0.166659	0.281109	3.090063	1.129086	0.148357	2.459216	0.004994261643086641	3.9667428027168805	0.4309527254310755
1455000	-1954.904247060898	-1913.0284123262973	-41.87583473460063	-1913.0284123262973	-40.527265149034605	0.485317	0.672591	0.772618	0.947042	0.437109	0.371179	1.016275	0.815064	0.172075	0.004930626075242304	7.366662710686783	0.4309527254310755
1460000	-1954.206463582572	-1908.228507304275	-45.97795627829711	-1908.228507304275	-38.5015889629174	3.506821	6.093146	0.216421	0.657387	0.235771	1.021479	0.589694	0.494263	1.096566	0.004882176556352026	4.884377060293393	0.2609739725959584
1465000	-1950.4015233667826	-1910.4869014638787	-39.9146219029039	-1910.4869014638787	-35.460865965435445	0.521592	1.295306	0.475903	1.569012	0.428631	1.222210	2.440798	0.086247	1.397964	0.005050504413642432	4.831823099299961	0.5064474440636417
1470000	-1949.0707728535967	-1906.69211559731	-42.3786572562867	-1906.69211559731	-36.658634643135784	0.582596	1.648131	1.011926	0.330591	0.633698	1.266067	0.630179	0.941638	1.581633	0.004822513519767861	7.33889904326769	0.6027341842705956
1475000	-1940.063741148303	-1905.374646467149	-34.689094681154074	-1905.374646467149	-33.2717595809914	0.651369	0.796700	1.596864	0.561664	0.148444	0.694348	0.590409	0.237467	0.041471	0.00486415609566047	5.91645086337373	0.6027341842705956
1480000	-1948.1534894514768	-1909.3423178193111	-38.81117163216562	-1909.3423178193111	-35.79115027152426	2.369543	0.256748	1.903681	1.636482	0.057626	0.276820	0.434819	0.142899	0.587074	0.004975617507693787	6.045859806232731	0.5927077154344337
1485000	-1946.4746660131634	-1907.1942025880164	-39.28046342514691	-1907.1942025880164	-30.468013127188403	1.155197	10.543624	0.483489	0.208593	0.033281	3.103066	0.149423	0.345131	1.774271	0.005043594499855347	6.097051514741928	0.6577652334098159
1490000	-1948.2584736096123	-1902.3577024243311	-45.90077118528127	-1902.3577024243311	-38.18697112139636	0.846605	2.057529	0.741343	2.348240	0.550693	4.880201	1.318092	0.029471	0.745353	0.005040282017906544	4.091611420438251	0.11603786695502116
1495000	-1946.920482147065	-1907.0605855661845	-39.85989658088066	-1907.0605855661845	-31.454017751780167	0.195160	3.579644	0.355555	3.068432	0.339627	2.893945	0.116334	0.677678	0.281111	0.005223406643650612	4.091611420438251	0.17334807472709066
1500000	-1936.0544059159508	-1903.6371895787142	-32.417216337236546	-1903.6371895787142	-28.48452707685931	0.521049	2.456386	0.734529	0.361324	0.302293	1.955126	1.998920	0.051601	1.357115	0.005034885179471546	4.091611420438251	0.17334807472709066
1505000	-1945.4158439084329	-1911.6487146667864	-33.76712924164642	-1911.6487146667864	-30.832165995323912	0.470496	2.679553	0.531917	0.231680	0.091951	1.732459	0.039000	0.075258	1.363380	0.004887856435993689	6.588504694990082	0.45913673289801155
1510000	-1948.5361086298435	-1909.457723938986	-39.07838469085748	-1909.457723938986	-36.77096935597388	0.846517	0.271469	0.764595	0.567423	0.126729	1.951199	0.970200	0.290754	0.756655	0.004978851149035745	9.365118021430305	0.12690588378228934
1515000	-1942.930908812407	-1911.3615875693622	-31.569321243044904	-1911.3615875693622	-28.098247370628513	0.334664	0.679778	0.979358	1.249755	1.024876	1.019488	0.544745	1.935386	0.621560	0.004968335059168384	5.008910325981534	0.5145255602574319
1520000	-1947.586900023999	-1909.3184255264025	-38.26847449759647	-1909.3184255264025	-33.335046478700434	4.360657	0.311394	0.494583	1.285359	0.067959	1.152374	0.018486	1.469067	0.260538	0.004851476249320511	5.008910325981534	0.6237981579467975
1525000	-1942.2615378563507	-1903.9369641553249	-38.324573701025976	-1903.9369641553249	-36.81804283718334	1.318892	0.548765	1.244611	0.598627	0.330134	0.016270	0.499328	0.271921	0.376101	0.004982970995899695	6.921479605770623	1.440166408086076
1530000	-1948.2762991344543	-1904.5937100845176	-43.682589049936624	-1904.5937100845176	-37.50980098053563	1.453947	0.355270	0.496071	1.018258	0.427881	0.242406	1.987806	2.407076	0.387192	0.005161983573274383	5.943200738721355	1.3150563700092206
1535000	-1956.106400191481	-1901.1007238986103	-55.005676292870646	-1901.1007238986103	-41.86250081910954	0.398155	1.739823	0.790373	4.840590	0.281032	0.730337	1.081588	3.589374	4.537013	0.005055532816583578	4.974315950777873	0.597740288934153
1540000	-1957.1420918187428	-1912.6794234551958	-44.46266836354695	-1912.6794234551958	-37.97890980923189	0.383963	3.389104	0.441290	0.717196	0.138739	0.800201	0.372346	1.210383	4.227972	0.005056829051728124	3.9773316887344836	0.8380572661022592
1545000	-1940.295429584372	-1906.125151439183	-34.170278145189044	-1906.125151439183	-29.032750525955976	0.358232	6.348164	0.286623	0.038683	0.853057	2.086515	0.568110	0.135170	0.624926	0.004952202392763132	4.841201699716467	0.8380572661022592
1550000	-1958.3416226316692	-1914.9995489796672	-43.342073652001986	-1914.9995489796672	-36.442065719262004	1.281375	5.391160	0.235788	0.110255	0.438784	2.547807	0.758351	1.401117	0.225806	0.00517357175669025	2.8496048534966447	0.27457002653615586
1555000	-1947.2017924213774	-1913.6025787387762	-33.59921368260117	-1913.6025787387762	-33.1712522921243	1.025755	1.030777	0.641064	0.408921	0.975079	1.141898	0.040716	0.071850	0.084096	0.004928451054386143	6.09878083840507	0.11414800189951281
1560000	-1945.239474891389	-1907.7151124002698	-37.524362491119035	-1907.7151124002698	-34.213178614266866	1.274255	2.687241	0.234859	0.615922	0.121524	1.387699	0.527092	0.955993	0.071210	0.0051042615963502085	6.09878083840507	0.11414800189951281
1565000	-1945.9168734942714	-1909.6663555491716	-36.250517945099865	-1909.6663555491716	-31.192475784968774	0.995430	5.146878	0.220820	1.249135	0.557763	2.926359	0.182978	0.294049	0.063299	0.00496881025927832	3.704832001063433	0.18176680945985277
1570000	-1944.2407454115219	-1904.1244962188698	-40.116249192652056	-1904.1244962188698	-33.34120646749151	0.249796	5.992621	0.331316	0.860431	0.743035	1.192841	0.266433	1.055575	1.860066	0.0050834974138125105	6.35975488828449	0.2854585989224326
1575000	-1949.5398902852428	-1901.2154263431269	-48.32446394211594	-1901.2154263431269	-41.508989363390064	1.475777	0.772605	2.402258	2.075369	1.629825	0.688640	0.044845	1.678774	1.771734	0.004912463923433982	3.1361539217810326	0.2854585989224326
1580000	-1939.7520096351823	-1904.3923817932746	-35.35962784190775	-1904.3923817932746	-33.19410893318971	0.571849	1.402743	1.048069	1.043446	0.173437	0.714539	1.034063	1.018703	0.427072	0.0050730524115497	4.507360079022571	0.25133873147434865
1585000	-1950.4406591191894	-1905.8153258088282	-44.62533331036124	-1905.8153258088282	-38.99160418658053	1.287639	1.379197	0.979281	0.873461	0.071806	1.917679	1.223727	0.510119	0.813934	0.005203218862417019	5.549418041977408	0.036692870453887264
1590000	-1956.7169175151914	-1911.8781734721126	-44.83874404307885	-1911.8781734721126	-43.925906300918456	0.846970	1.330043	0.919492	0.327200	0.433764	0.522110	0.052485	0.165752	0.401196	0.0048153874179972566	4.435326741721602	0.039260226256256164
1595000	-1954.0691295099914	-1903.2405709576583	-50.82855855233318	-1903.2405709576583	-41.07653122670372	8.365660	0.779023	0.586836	4.390540	0.399640	0.951893	0.074545	2.277479	0.021060	0.004934980534725174	4.0730860312163415	0.5906504446712022
1600000	-1941.8076886512913	-1905.1863753717735	-36.62131327951779	-1905.1863753717735	-36.41507808979247	1.159655	1.301172	0.213122	0.658222	0.089262	0.456037	0.016696	0.339292	0.551647	0.005035985088780785	6.531086355480481	0.19437001936324316
1605000	-1941.0373814622735	-1905.8621388960396	-35.17524256623385	-1905.8621388960396	-34.955485329453914	1.679966	0.313509	0.384574	1.534297	0.561419	0.416019	0.175792	0.587959	0.050441	0.005059815351615008	3.437870560237098	0.18782912364031654
1610000	-1945.4767546482594	-1901.7244554131998	-43.75229923505964	-1901.7244554131998	-33.25430610715462	0.233975	1.111320	0.563673	4.101688	1.755217	0.434467	0.676778	1.871877	2.157917	0.005190374965297319	6.93802377611274	0.557884937519908
1615000	-1950.7927729807782	-1912.749816371952	-38.04295660882626	-1912.749816371952	-29.2981739705377	0.311672	5.131724	0.346217	1.752200	0.548239	1.666283	0.068805	1.363054	0.612001	0.005118041935927098	20.2664538140816	0.1411761462135566
1620000	-1956.8955690749838	-1916.2729109012807	-40.62265817370305	-1916.2729109012807	-39.494499297756995	0.620521	1.010188	0.331287	0.885527	0.684452	0.519499	0.237497	0.832623	0.326721	0.00509289224511579	7.341306159294301	0.1411761462135566
1625000	-1943.0617156064995	-1907.307637095954	-35.7540785105455	-1907.307637095954	-32.981885896679366	0.340079	1.312126	0.723945	1.183911	0.127280	2.129213	0.822716	0.285987	0.409604	0.005002264859045005	5.692510278581624	0.7509779443664877
1630000	-1940.1595804879425	-1899.8418376037303	-40.3177428842123	-1899.8418376037303	-36.2580749939176	0.603002	2.010509	0.459627	0.222688	0.065137	1.884309	0.187743	0.005676	1.347004	0.004814654402693832	6.78234449477243	0.7509779443664877
1635000	-1943.7057801751007	-1905.9150358498464	-37.790744325254366	-1905.9150358498464	-32.69669021025018	0.722627	3.246071	0.395614	2.562118	0.350129	1.647549	0.105732	0.026800	1.312249	0.0049301496461464185	5.656289020924597	0.23225467034368535
1640000	-1939.627455039543	-1902.8038958199932	-36.82355921954991	-1902.8038958199932	-35.80279712002304	1.050524	0.569058	0.887608	1.666371	0.025256	0.022795	0.004880	1.163734	0.370161	0.004937951516457437	6.867991674530455	0.23225467034368535
1645000	-1944.3461231665647	-1902.8295429279285	-41.51658023863624	-1902.8295429279285	-33.89270144798647	1.148424	0.471413	0.739794	2.613821	0.030524	2.338013	0.257894	4.307640	0.038270	0.004955660546753767	7.425875927820764	0.581014698294001
1650000	-1944.2400991737986	-1905.1451584790188	-39.09494069477988	-1905.1451584790188	-33.653724383462844	0.890440	1.981340	0.556159	0.379533	0.002481	0.877936	0.143696	0.147024	1.305296	0.004762475873033968	5.414012888678949	1.9223247075107108
1655000	-1940.899375143202	-1900.081727056765	-40.817648086437	-1900.081727056765	-34.81556675422313	0.682813	2.234876	0.275108	0.769681	0.103165	1.264335	1.111409	2.278782	0.408024	0.004988459051818206	6.767611663281519	1.913121324947907
1660000	-1940.428734756335	-1902.998442186041	-37.430292570293815	-1902.998442186041	-34.75781089608895	0.512583	0.679148	0.667131	0.432203	0.359651	1.849565	0.534141	0.594922	0.493714	0.005009655669426674	5.883360812586144	1.913121324947907
1665000	-1945.0406152855692	-1905.5881050906899	-39.452510194879295	-1905.5881050906899	-33.79278611616564	1.026668	1.442876	0.636999	0.441350	0.931005	1.330910	0.355693	1.190255	1.328071	0.005098761824609327	5.883360812586144	1.913121324947907
1670000	-1936.7245063261935	-1903.9686725802908	-32.755833745902756	-1903.9686725802908	-26.568391338465858	0.391447	1.989434	0.471893	0.232390	0.732136	1.165093	0.067553	0.936964	3.980496	0.0050460463242585785	5.883360812586144	1.4390492752916135
1675000	-1943.5035441039374	-1906.6500047765787	-36.8535393273587	-1906.6500047765787	-34.335539817067804	0.594934	1.145130	0.821307	0.429082	0.392039	1.802377	0.183809	0.168473	0.542190	0.005130955387582994	5.883360812586144	0.9894099475487276
1680000	-1948.0833784661338	-1915.4897259977834	-32.59365246835045	-1915.4897259977834	-29.426635589577778	0.488757	1.318422	0.815740	1.302411	0.029336	1.817027	0.046562	0.756582	1.616259	0.005023821840838838	5.471347300905655	0.4347762459181424
1685000	-1942.4707815507832	-1907.6324284700538	-34.838353080729384	-1907.6324284700538	-35.22233125982316	1.295043	0.415165	0.439299	0.747620	0.105811	0.087367	0.210648	0.671178	0.307911	0.0048508431981142824	3.347081566968566	0.2286430929998184
1690000	-1937.063510763131	-1905.9026934066915	-31.160817356439473	-1905.9026934066915	-29.712807784329314	0.161060	2.397555	0.455950	0.651194	0.627790	1.666588	0.064516	0.042100	0.359450	0.005036702117505242	4.2523879665618045	0.2290314802268869
1695000	-1940.3704190382725	-1901.381574323415	-38.988844714857635	-1901.381574323415	-31.655494675789217	0.674354	3.290049	0.304301	1.753683	0.053264	2.147817	0.046223	1.565324	2.120746	0.0048612033776135625	4.393421517131583	0.4200581174233175
1700000	-1947.0472487034558	-1907.9660152230674	-39.081233480388434	-1907.9660152230674	-32.205284812703006	2.029424	0.760818	0.307880	4.381354	0.345350	1.187913	0.037832	0.763959	0.947853	0.0048874729052666805	8.4023873381978	0.19696293868761458
1705000	-1944.207040754171	-1908.4636542590918	-35.743386495079186	-1908.4636542590918	-32.928324485299534	0.405489	6.443014	0.549510	0.154367	0.164092	1.026183	0.371516	0.089321	1.304265	0.0050368482894598944	3.324592498747673	0.1319912752582486
1710000	-1952.0555651334098	-1914.403714608377	-37.65185052503288	-1914.403714608377	-34.398443399702394	0.415000	3.582352	0.384585	1.263793	0.061989	1.138928	0.029456	1.046273	0.561403	0.0051425337990393455	3.324592498747673	0.2155733954406274
1715000	-1948.661396258422	-1905.417596133127	-43.24380012529489	-1905.417596133127	-38.89178542373191	0.596822	2.263943	1.278639	1.381001	1.741544	0.872147	0.173507	1.298390	0.083489	0.004988365171065277	5.141429606382268	0.37635318012567764
1720000	-1943.5129673448632	-1907.3932693351703	-36.119698009692996	-1907.3932693351703	-29.242226984070403	0.325680	1.463757	1.113341	1.366916	0.826632	4.188454	0.938691	1.306161	0.205952	0.00506620717939948	5.142133615544041	0.37635318012567764
1725000	-1934.6951574222494	-1907.7060130666418	-26.989144355607554	-1907.7060130666418	-26.170744018727362	0.437156	1.330450	0.514549	0.958483	0.115933	1.495244	0.148373	0.628296	0.048716	0.004937361078741144	6.2249138203554475	0.1739823689167393
1730000	-1942.4824342801849	-1909.7778770413877	-32.70455723879712	-1909.7778770413877	-31.226912723020924	0.252616	1.387449	0.685991	1.264168	0.003771	1.120046	0.118826	0.077441	1.023439	0.0050675628782616495	6.2249138203554475	0.34011689373699416
1735000	-1936.6242668542077	-1903.9589003062854	-32.66536654792225	-1903.9589003062854	-27.289806272581618	0.732366	3.469473	0.089862	0.350464	0.056492	2.118495	0.211802	0.128431	2.136261	0.005000402712214691	6.2249138203554475	0.469745034327469
1740000	-1951.7751821375346	-1908.4122451486242	-43.362936988910334	-1908.4122451486242	-41.49131564476711	0.446857	0.969395	0.954294	0.081871	1.983030	1.408459	1.047189	0.088886	0.234108	0.0049551739637412	4.014167418174871	0.43903266055282303
1745000	-1942.8335540327225	-1900.5841038415324	-42.2494501911901	-1900.5841038415324	-37.59149512298599	0.784978	0.649721	2.104162	0.215591	0.431899	4.536873	0.684345	0.126248	0.386220	0.00494607553766047	4.602259364028563	0.43903266055282303
1750000	-1952.0737862132714	-1906.0690362615937	-46.00474995167759	-1906.0690362615937	-35.50273111443268	0.285474	5.572887	2.410050	0.677752	3.024551	3.608782	0.523269	0.040124	0.892534	0.004959753590660046	4.602259364028563	0.43903266055282303
1755000	-1943.1677796512956	-1900.043947227613	-43.12383242368264	-1900.043947227613	-34.07590472708398	0.796879	4.332527	0.953899	0.492112	0.138352	6.447249	0.038795	0.093871	1.068131	0.005050002991331843	7.279380735191025	0.44776948582953036
1760000	-1941.989465783173	-1906.739855521163	-35.2496102620101	-1906.739855521163	-32.94602684273459	0.978601	0.911225	0.177325	0.314784	0.593543	1.881265	0.033796	0.237196	0.993543	0.005069628079152955	7.279380735191025	0.44776948582953036
1765000	-1942.1906295642646	-1904.2809827398378	-37.90964682442687	-1904.2809827398378	-35.36402842223273	0.273661	0.722612	0.822724	0.278617	0.587564	0.682504	0.504707	0.739406	0.202928	0.00483654445614467	7.2698435426669885	1.2175356071199306
1770000	-1934.3674174665111	-1902.6153405091654	-31.75207695734577	-1902.6153405091654	-30.15450863873552	0.772192	0.724212	0.380510	2.270893	0.036493	0.648359	0.137988	0.397178	0.040217	0.005022739963446927	4.996690407472581	1.700866364483853
1775000	-1942.0624900009914	-1905.429095270459	-36.633394730532544	-1905.429095270459	-34.23018100891264	1.070015	0.517562	0.401797	0.119082	0.624258	0.767576	0.467318	0.987969	1.075428	0.004970953962628645	4.473492060797813	2.002199830643539
1780000	-1940.2695706044992	-1903.3380824869553	-36.93148811754385	-1903.3380824869553	-31.098982972125683	0.702982	1.719110	0.798422	0.074016	0.806027	3.172914	0.356668	0.095953	2.634152	0.00491234595163742	7.203004494205175	0.22425050417136813
1785000	-1947.09969273083	-1908.3408206874615	-38.75887204336837	-1908.3408206874615	-32.53490569316457	0.372938	2.697838	1.058093	1.699818	0.809770	3.439508	1.246758	0.288194	0.684045	0.005011143213691003	3.0377412740479093	0.284018706345489
1790000	-1945.0505586063773	-1908.6149800090548	-36.435578597322596	-1908.6149800090548	-32.98476015797551	0.772239	0.800361	0.267032	0.327223	1.185901	2.300132	0.530045	0.244355	0.092877	0.0052090143635780605	4.264198402318143	0.3349435397948677
1795000	-1945.268480078282	-1905.511493763201	-39.75698631508089	-1905.511493763201	-35.293357055061364	0.604593	1.255452	1.019207	0.823495	0.308541	3.656223	0.390952	0.070377	1.341112	0.005039577029603725	5.212596122396265	0.5044057017965506
1800000	-1946.3790952779007	-1904.8011407943222	-41.57795448357835	-1904.8011407943222	-36.26468859999639	0.355145	1.078824	1.815573	0.115142	0.629827	3.198269	2.097952	0.068783	0.812214	0.005069666076139218	6.308687249000933	0.1185397534962143
1805000	-1948.5554101182836	-1916.5242062007665	-32.03120391751706	-1916.5242062007665	-28.41448383136331	1.110803	0.320873	0.384789	0.120129	0.345472	0.699360	0.709361	2.831456	1.645812	0.004981659384123016	6.308687249000933	0.451098963179492
1810000	-1949.217787726179	-1908.3317644907656	-40.88602323541331	-1908.3317644907656	-38.09821620736861	0.389665	1.639716	0.732274	0.545354	0.229735	2.655186	0.027353	0.192940	0.439977	0.005074785158894664	7.777971785230088	0.549756884815967
1815000	-1948.0390768020573	-1906.9753888518387	-41.06368795021854	-1906.9753888518387	-34.16105754538178	2.191767	0.382745	0.223897	1.456820	0.328638	2.142378	0.026620	0.613674	3.952267	0.005012479867025107	5.544180580112161	0.6749715714503798
1820000	-1940.8773204960555	-1904.4676103380903	-36.4097101579653	-1904.4676103380903	-32.76091669953105	0.612323	1.981078	0.594839	0.916985	0.867277	1.500467	1.181254	0.589857	0.514102	0.004995771011953007	5.740746163433801	0.38144824208689415
1825000	-1933.8321440132625	-1903.424307548543	-30.40783646471945	-1903.424307548543	-30.344665519499	1.372787	0.565287	0.235516	0.836200	0.048308	0.264752	0.118499	0.652571	0.263520	0.004931331557507881	5.137550641776052	0.7110521788317729
1830000	-1943.540748274183	-1908.3242981232988	-35.21645015088421	-1908.3242981232988	-34.4547651103232	0.351108	1.636975	0.387029	1.050078	0.167159	0.642465	0.029405	0.115893	0.843467	0.005079255074053959	4.771346669652157	0.7110521788317729
1835000	-1944.2323867432272	-1905.1926894314406	-39.03969731178661	-1905.1926894314406	-37.69812759213088	0.531559	2.256863	0.419648	0.604317	0.053585	0.830280	0.071224	0.427267	0.049979	0.0050610581755151	6.8852714244663415	1.0835742460663935
1840000	-1945.99419322158	-1900.9800329685502	-45.0141602530298	-1900.9800329685502	-38.94192811122284	0.738553	2.182418	0.235781	2.864945	0.615140	0.073961	0.166281	0.619804	2.549335	0.004890618915826053	5.631207671501069	0.6522095132046716
1845000	-1949.9339306929226	-1905.8052702443028	-44.128660448619705	-1905.8052702443028	-39.75222172747684	1.290637	0.241044	0.889683	1.059991	0.220622	1.372267	0.645818	3.014114	0.475461	0.005113172295078152	3.9703395610944128	0.1484952045466769
1850000	-1949.053113468517	-1903.7699770360114	-45.28313643250556	-1903.7699770360114	-36.87311152231569	1.804995	0.467170	0.331644	0.160720	0.330269	3.496164	0.758692	1.983380	1.958539	0.004861673402498697	5.295789674413976	1.5499549227745373
1855000	-1949.3289644571187	-1907.8839907930287	-41.444973664089886	-1907.8839907930287	-32.39784052503842	0.639046	4.236245	1.891063	0.281756	0.616855	2.368726	0.795801	0.241267	2.052169	0.005020983261344052	9.557220277544932	1.3195301198381308
1860000	-1951.40332973604	-1909.3223709159583	-42.08095882008157	-1909.3223709159583	-38.47550909178344	1.137529	4.093796	0.393596	0.496267	0.125243	0.049928	0.056534	0.659970	1.415270	0.004900259520560791	4.497199263181742	1.0705487874067365
1865000	-1954.6261034190786	-1923.7480453941605	-30.878058024918147	-1923.7480453941605	-26.137130129651517	0.534069	2.442587	0.783950	0.637942	0.678424	2.236868	0.378107	0.314513	1.080726	0.004975075181162792	4.867357001083828	1.4371126907641
1870000	-1950.2916407047007	-1913.7671446944128	-36.52449601028794	-1913.7671446944128	-32.886910450749475	0.771588	1.648544	0.509294	0.075789	0.780631	2.473875	1.418224	0.585590	0.548602	0.0050145120712499	4.134183342914247	0.7092471480951955
1875000	-1958.2336525549001	-1909.5920305720438	-48.64162198285624	-1909.5920305720438	-43.06516124997209	0.435039	1.816092	0.302250	1.164361	0.587612	1.539047	0.666384	1.942247	0.048073	0.00476993928375058	4.134183342914247	0.09122808344806509
1880000	-1956.075722785656	-1912.3747288284646	-43.70099395719121	-1912.3747288284646	-38.310198003163045	0.465534	1.791779	1.337831	0.930791	0.850749	1.502217	1.043625	0.353115	0.185254	0.0048773343076542975	7.18415276750451	1.2766796778593898
1885000	-1943.770544261104	-1904.8018729341857	-38.96867132691845	-1904.8018729341857	-38.365550010545334	0.591526	0.575622	1.070635	0.484408	0.565202	0.336243	0.598042	0.845297	0.139999	0.004929058926123185	4.557721095359769	0.8889201522333096
1890000	-1950.6509011499634	-1908.9571549607797	-41.69374618918357	-1908.9571549607797	-40.77939303441869	1.195100	0.859738	0.692231	0.049359	0.124291	0.863691	0.747276	0.108827	0.060599	0.004856637704076959	4.835107829549996	0.8889201522333096
1895000	-1941.0290096454162	-1902.5176456634053	-38.51136398201092	-1902.5176456634053	-35.15766635318302	0.352155	1.056381	1.016401	0.023486	1.188710	3.312344	0.347110	0.087432	0.963026	0.004910230421356457	4.835107829549996	0.16542164266689588
1900000	-1935.7733374667694	-1906.615822945134	-29.157514521635363	-1906.615822945134	-26.453408851469252	0.547234	2.067120	0.770319	0.003112	0.114700	1.899241	1.326274	0.153085	0.875829	0.004891801453905954	4.575904904121368	0.18966376459646447
1905000	-1952.0251026769129	-1910.7329736389536	-41.29212903795933	-1910.7329736389536	-38.39391797439958	1.695780	3.008057	0.175184	0.282180	0.060679	1.062299	0.248883	0.170533	0.971939	0.0050027084827574415	6.780085452174627	0.161976218665503
1910000	-1945.8751507275297	-1910.1535732683521	-35.72157745917755	-1910.1535732683521	-28.993118239742774	0.131615	2.947029	0.711391	2.062266	0.213759	1.223027	0.690375	2.416181	0.492026	0.0049352959077520716	6.311331923036986	0.3340311097710067
1915000	-1946.4687419524976	-1912.1288549412438	-34.339887011253616	-1912.1288549412438	-29.416176693978432	0.346024	0.378392	1.671581	2.884311	1.206974	1.376237	0.269481	0.642562	0.009784	0.005017186876538507	6.311331923036986	1.1946706403898062
1920000	-1949.360526786915	-1907.1148567708285	-42.24567001608641	-1907.1148567708285	-32.2206587835022	7.765338	0.425832	0.452718	2.298158	0.310276	0.675440	0.105572	0.763170	0.024301	0.0050202924177249865	6.311331923036986	4.968131408919904
1925000	-1938.8417751455133	-1908.2629752693147	-30.578799876198694	-1908.2629752693147	-27.0297274098977	1.464900	0.387705	0.331669	1.342076	0.024802	0.927079	0.157332	1.414062	0.159522	0.005113346824369691	6.206291008453611	1.7692528629627144
1930000	-1946.7590522448616	-1905.099193243164	-41.65985900169734	-1905.099193243164	-38.11611816334479	1.057314	0.845312	0.951955	1.587180	0.239163	1.340483	0.516660	0.234913	0.967380	0.005023605910872293	6.206291008453611	1.1236122037636318
1935000	-1941.1550068136182	-1903.906727816831	-37.248278996787114	-1903.906727816831	-32.88979238323339	0.819441	2.319001	0.375929	0.636414	0.354296	2.198223	0.170899	0.045850	1.955766	0.005010541250783422	5.097187954218683	1.1129978695224285
1940000	-1945.6199311694977	-1908.891964140625	-36.727967028872655	-1908.891964140625	-33.27094295988982	0.401820	0.882076	1.758199	0.061011	1.082004	3.227536	0.510118	0.037896	0.289571	0.0050988794229049434	3.9882081912804326	0.612378125063353
1945000	-1943.9366222735487	-1907.707826826986	-36.22879544656251	-1907.707826826986	-36.14641147615343	0.811105	0.606029	0.334353	0.260166	0.370388	1.227667	0.220255	0.170857	1.115258	0.005003218700807292	6.1082485977630725	0.1486634747077375
1950000	-1947.2428497002936	-1907.5372196988997	-39.70563000139396	-1907.5372196988997	-38.43091392965251	0.457183	0.805374	0.391126	0.968894	0.841075	0.316836	0.071008	1.966954	0.305986	0.00490088304875783	4.985030850787286	0.1486634747077375
1955000	-1950.280268070619	-1906.4708041067017	-43.809463963917395	-1906.4708041067017	-37.34025698029238	1.123197	2.849073	0.262343	0.972768	0.670705	1.364498	0.738950	2.475173	0.050361	0.0049022430766923935	4.805463626198229	1.1626263334986775
1960000	-1941.7549018752954	-1902.168338169655	-39.58656370564033	-1902.168338169655	-34.16063117767625	3.972420	0.537184	1.099346	3.300920	0.232156	0.114624	0.842696	0.226064	0.479012	0.004902941214637515	5.463072805248607	0.2964444835662427
1965000	-1950.018365467138	-1912.9580728359233	-37.060292631214715	-1912.9580728359233	-35.40807597867258	1.181354	0.513242	0.388523	1.797910	0.338961	0.291309	0.363934	0.123898	1.785080	0.005010750017866022	5.853284437992489	0.14511153129217982
1970000	-1943.7346731575738	-1905.3985208284776	-38.336152329096095	-1905.3985208284776	-33.906466527342914	1.499217	0.982856	0.468847	0.437897	0.228976	2.845691	0.000616	0.065275	2.918052	0.00512081371178499	3.9413437326692935	0.18099684333724775
1975000	-1951.2702987266603	-1911.7310707321667	-39.53922799449357	-1911.7310707321667	-36.67956006463619	0.492514	1.098832	0.380438	0.469783	0.661810	2.682173	0.034986	0.125365	1.088283	0.004905508244978456	7.692001902690224	0.21510719881320467
1980000	-1951.0815783066469	-1909.0448720461075	-42.03670626053942	-1909.0448720461075	-36.049055995719925	0.316565	2.687580	0.484397	1.258436	0.539789	2.296642	0.413569	1.202368	1.010247	0.005042379006816477	10.313053949466553	0.14045501121049878
1985000	-1950.683538922515	-1901.5388802079065	-49.14465871460854	-1901.5388802079065	-41.8434268977119	1.127321	1.935760	0.306769	0.470886	2.913783	2.380464	0.506210	2.473398	0.152154	0.0050426759754987945	5.831494605019699	0.23392254450128588
1990000	-1943.8836191543883	-1905.9679100398046	-37.91570911458373	-1905.9679100398046	-34.860966729374475	1.361965	1.601126	0.561197	0.263097	0.043005	1.608316	0.643853	0.655777	0.307566	0.005186021827451566	3.8362402753555442	0.2856441241895757
1995000	-1941.1656712367608	-1903.6119410374056	-37.553730199355215	-1903.6119410374056	-30.674353801208706	1.732136	3.925660	0.131903	0.043066	0.297536	2.784541	1.165525	0.216551	1.390894	0.005031337853829147	6.071036447023987	0.2856441241895757
2000000	-1940.044209224011	-1905.0826050480728	-34.96160417593825	-1905.0826050480728	-32.22826847885959	0.662605	1.988323	0.994251	0.111302	0.037690	0.864294	2.593227	0.456705	0.246326	0.005029360905280712	4.961749317580826	0.46470844978639264
